a=0.0050  b1=0.0100  Dc=10.000 law=d k=0.001 Vo =1.000

-10.000	10.000000000
0.0000	10.000000000
0.100000000	10.000990091
0.200000000	10.003921443
0.300000000	10.008737247
0.400000000	10.015382720
0.500000000	10.023805029
0.600000000	10.033953209
0.700000000	10.045778091
0.800000000	10.059232230
0.900000000	10.074269839
1.000000000	10.090846718
1.100000000	10.108920200
1.200000000	10.128449085
1.300000000	10.149393583
1.400000000	10.171715262
1.500000000	10.195376993
1.600000000	10.220342900
1.700000000	10.246578310
1.800000000	10.274049712
1.900000000	10.302724707
2.000000000	10.332571966
2.100000000	10.363561192
2.200000000	10.395663081
2.300000000	10.428849280
2.400000000	10.463092356
2.500000000	10.498365758
2.600000000	10.534643787
2.700000000	10.571901562
2.800000000	10.610114991
2.900000000	10.649260740
3.000000000	10.689316208
3.100000000	10.730259498
3.200000000	10.772069390
3.300000000	10.814725321
3.400000000	10.858207356
3.500000000	10.902496168
3.600000000	10.947573018
3.700000000	10.993419729
3.800000000	11.040018671
3.900000000	11.087352737
4.000000000	11.135405328
4.100000000	11.184160336
4.200000000	11.233602122
4.300000000	11.283715505
4.400000000	11.334485741
4.500000000	11.385898513
4.600000000	11.437939912
4.700000000	11.490596428
4.800000000	11.543854929
4.900000000	11.597702657
5.000000000	11.652127208
5.100000000	11.707116524
5.200000000	11.762658880
5.300000000	11.818742876
5.400000000	11.875357419
5.500000000	11.932491722
5.600000000	11.990135288
5.700000000	12.048277901
5.800000000	12.106909619
5.900000000	12.166020765
6.000000000	12.225601916
6.100000000	12.285643897
6.200000000	12.346137772
6.300000000	12.407074840
6.400000000	12.468446619
6.500000000	12.530244851
6.600000000	12.592461484
6.700000000	12.655088672
6.800000000	12.718118768
6.900000000	12.781544315
7.000000000	12.845358043
7.100000000	12.909552862
7.200000000	12.974121857
7.300000000	13.039058282
7.400000000	13.104355558
7.500000000	13.170007261
7.600000000	13.236007126
7.700000000	13.302349036
7.800000000	13.369027020
7.900000000	13.436035250
8.000000000	13.503368034
8.100000000	13.571019814
8.200000000	13.638985162
8.300000000	13.707258773
8.400000000	13.775835469
8.500000000	13.844710188
8.600000000	13.913877982
8.700000000	13.983334019
8.800000000	14.053073572
8.900000000	14.123092024
9.000000000	14.193384857
9.100000000	14.263947656
9.200000000	14.334776103
9.300000000	14.405865974
9.400000000	14.477213138
9.500000000	14.548813552
9.600000000	14.620663263
9.700000000	14.692758400
9.800000000	14.765095178
9.900000000	14.837669889
10.000000000	14.910478906
10.100000000	14.983518677
10.200000000	15.056785725
10.300000000	15.130276643
10.400000000	15.203988099
10.500000000	15.277916825
10.600000000	15.352059622
10.700000000	15.426413358
10.800000000	15.500974960
10.900000000	15.575741422
11.000000000	15.650709794
11.100000000	15.725877187
11.200000000	15.801240770
11.300000000	15.876797767
11.400000000	15.952545455
11.500000000	16.028481167
11.600000000	16.104602286
11.700000000	16.180906247
11.800000000	16.257390534
11.900000000	16.334052678
12.000000000	16.410890258
12.100000000	16.487900900
12.200000000	16.565082272
12.300000000	16.642432089
12.400000000	16.719948107
12.500000000	16.797628124
12.600000000	16.875469978
12.700000000	16.953471549
12.800000000	17.031630752
12.900000000	17.109945545
13.000000000	17.188413919
13.100000000	17.267033904
13.200000000	17.345803562
13.300000000	17.424720994
13.400000000	17.503784332
13.500000000	17.582991741
13.600000000	17.662341421
13.700000000	17.741831599
13.800000000	17.821460538
13.900000000	17.901226528
14.000000000	17.981127890
14.100000000	18.061162973
14.200000000	18.141330154
14.300000000	18.221627840
14.400000000	18.302054461
14.500000000	18.382608479
14.600000000	18.463288377
14.700000000	18.544092665
14.800000000	18.625019880
14.900000000	18.706068580
15.000000000	18.787237348
15.100000000	18.868524792
15.200000000	18.949929539
15.300000000	19.031450244
15.400000000	19.113085578
15.500000000	19.194834236
15.600000000	19.276694936
15.700000000	19.358666413
15.800000000	19.440747424
15.900000000	19.522936746
16.000000000	19.605233174
16.100000000	19.687635524
16.200000000	19.770142628
16.300000000	19.852753338
16.400000000	19.935466523
16.500000000	20.018281070
16.600000000	20.101195884
16.700000000	20.184209884
16.800000000	20.267322008
16.900000000	20.350531210
17.000000000	20.433836459
17.100000000	20.517236739
17.200000000	20.600731050
17.300000000	20.684318408
17.400000000	20.767997842
17.500000000	20.851768396
17.600000000	20.935629128
17.700000000	21.019579110
17.800000000	21.103617428
17.900000000	21.187743179
18.000000000	21.271955478
18.100000000	21.356253447
18.200000000	21.440636225
18.300000000	21.525102960
18.400000000	21.609652816
18.500000000	21.694284966
18.600000000	21.778998595
18.700000000	21.863792900
18.800000000	21.948667089
18.900000000	22.033620383
19.000000000	22.118652010
19.100000000	22.203761213
19.200000000	22.288947242
19.300000000	22.374209359
19.400000000	22.459546836
19.500000000	22.544958955
19.600000000	22.630445007
19.700000000	22.716004293
19.800000000	22.801636125
19.900000000	22.887339821
20.000000000	22.973114712
20.100000000	23.058960135
20.200000000	23.144875436
20.300000000	23.230859971
20.400000000	23.316913105
20.500000000	23.403034209
20.600000000	23.489222663
20.700000000	23.575477858
20.800000000	23.661799188
20.900000000	23.748186058
21.000000000	23.834637881
21.100000000	23.921154076
21.200000000	24.007734071
21.300000000	24.094377298
21.400000000	24.181083200
21.500000000	24.267851226
21.600000000	24.354680831
21.700000000	24.441571478
21.800000000	24.528522635
21.900000000	24.615533779
22.000000000	24.702604391
22.100000000	24.789733960
22.200000000	24.876921982
22.300000000	24.964167958
22.400000000	25.051471395
22.500000000	25.138831805
22.600000000	25.226248710
22.700000000	25.313721633
22.800000000	25.401250106
22.900000000	25.488833664
23.000000000	25.576471851
23.100000000	25.664164213
23.200000000	25.751910304
23.300000000	25.839709681
23.400000000	25.927561909
23.500000000	26.015466555
23.600000000	26.103423194
23.700000000	26.191431404
23.800000000	26.279490769
23.900000000	26.367600876
24.000000000	26.455761320
24.100000000	26.543971698
24.200000000	26.632231613
24.300000000	26.720540671
24.400000000	26.808898485
24.500000000	26.897304670
24.600000000	26.985758846
24.700000000	27.074260639
24.800000000	27.162809677
24.900000000	27.251405593
25.000000000	27.340048024
25.100000000	27.428736612
25.200000000	27.517471001
25.300000000	27.606250841
25.400000000	27.695075786
25.500000000	27.783945491
25.600000000	27.872859617
25.700000000	27.961817829
25.800000000	28.050819794
25.900000000	28.139865185
26.000000000	28.228953676
26.100000000	28.318084947
26.200000000	28.407258678
26.300000000	28.496474556
26.400000000	28.585732270
26.500000000	28.675031512
26.600000000	28.764371977
26.700000000	28.853753364
26.800000000	28.943175376
26.900000000	29.032637716
27.000000000	29.122140094
27.100000000	29.211682220
27.200000000	29.301263808
27.300000000	29.390884577
27.400000000	29.480544245
27.500000000	29.570242537
27.600000000	29.659979177
27.700000000	29.749753895
27.800000000	29.839566422
27.900000000	29.929416492
28.000000000	30.019303843
28.100000000	30.109228213
28.200000000	30.199189345
28.300000000	30.289186984
28.400000000	30.379220877
28.500000000	30.469290774
28.600000000	30.559396428
28.700000000	30.649537593
28.800000000	30.739714026
28.900000000	30.829925489
29.000000000	30.920171742
29.100000000	31.010452550
29.200000000	31.100767679
29.300000000	31.191116900
29.400000000	31.281499982
29.500000000	31.371916701
29.600000000	31.462366830
29.700000000	31.552850149
29.800000000	31.643366437
29.900000000	31.733915477
30.000000000	31.824497052
30.100000000	31.915110949
30.200000000	32.005756956
30.300000000	32.096434864
30.400000000	32.187144466
30.500000000	32.277885554
30.600000000	32.368657926
30.700000000	32.459461379
30.800000000	32.550295715
30.900000000	32.641160734
31.000000000	32.732056240
31.100000000	32.822982040
31.200000000	32.913937939
31.300000000	33.004923749
31.400000000	33.095939278
31.500000000	33.186984341
31.600000000	33.278058752
31.700000000	33.369162326
31.800000000	33.460294881
31.900000000	33.551456237
32.000000000	33.642646215
32.100000000	33.733864638
32.200000000	33.825111329
32.300000000	33.916386115
32.400000000	34.007688822
32.500000000	34.099019281
32.600000000	34.190377321
32.700000000	34.281762774
32.800000000	34.373175474
32.900000000	34.464615256
33.000000000	34.556081956
33.100000000	34.647575412
33.200000000	34.739095464
33.300000000	34.830641951
33.400000000	34.922214716
33.500000000	35.013813603
33.600000000	35.105438455
33.700000000	35.197089121
33.800000000	35.288765445
33.900000000	35.380467279
34.000000000	35.472194471
34.100000000	35.563946872
34.200000000	35.655724337
34.300000000	35.747526718
34.400000000	35.839353870
34.500000000	35.931205651
34.600000000	36.023081916
34.700000000	36.114982527
34.800000000	36.206907341
34.900000000	36.298856220
35.000000000	36.390829028
35.100000000	36.482825626
35.200000000	36.574845880
35.300000000	36.666889655
35.400000000	36.758956818
35.500000000	36.851047237
35.600000000	36.943160782
35.700000000	37.035297321
35.800000000	37.127456727
35.900000000	37.219638871
36.000000000	37.311843626
36.100000000	37.404070868
36.200000000	37.496320471
36.300000000	37.588592311
36.400000000	37.680886266
36.500000000	37.773202215
36.600000000	37.865540035
36.700000000	37.957899609
36.800000000	38.050280816
36.900000000	38.142683539
37.000000000	38.235107660
37.100000000	38.327553065
37.200000000	38.420019638
37.300000000	38.512507265
37.400000000	38.605015832
37.500000000	38.697545227
37.600000000	38.790095338
37.700000000	38.882666056
37.800000000	38.975257270
37.900000000	39.067868871
38.000000000	39.160500751
38.100000000	39.253152803
38.200000000	39.345824921
38.300000000	39.438516999
38.400000000	39.531228932
38.500000000	39.623960616
38.600000000	39.716711949
38.700000000	39.809482827
38.800000000	39.902273149
38.900000000	39.995082814
39.000000000	40.087911723
39.100000000	40.180759776
39.200000000	40.273626874
39.300000000	40.366512919
39.400000000	40.459417816
39.500000000	40.552341466
39.600000000	40.645283774
39.700000000	40.738244647
39.800000000	40.831223988
39.900000000	40.924221706
40.000000000	41.017237706
40.100000000	41.110271898
40.200000000	41.203324188
40.300000000	41.296394488
40.400000000	41.389482706
40.500000000	41.482588753
40.600000000	41.575712540
40.700000000	41.668853980
40.800000000	41.762012984
40.900000000	41.855189466
41.000000000	41.948383339
41.100000000	42.041594519
41.200000000	42.134822919
41.300000000	42.228068456
41.400000000	42.321331045
41.500000000	42.414610604
41.600000000	42.507907049
41.700000000	42.601220300
41.800000000	42.694550274
41.900000000	42.787896891
42.000000000	42.881260070
42.100000000	42.974639732
42.200000000	43.068035797
42.300000000	43.161448187
42.400000000	43.254876824
42.500000000	43.348321630
42.600000000	43.441782529
42.700000000	43.535259444
42.800000000	43.628752299
42.900000000	43.722261019
43.000000000	43.815785529
43.100000000	43.909325754
43.200000000	44.002881621
43.300000000	44.096453057
43.400000000	44.190039989
43.500000000	44.283642344
43.600000000	44.377260051
43.700000000	44.470893038
43.800000000	44.564541235
43.900000000	44.658204571
44.000000000	44.751882976
44.100000000	44.845576382
44.200000000	44.939284718
44.300000000	45.033007917
44.400000000	45.126745911
44.500000000	45.220498632
44.600000000	45.314266012
44.700000000	45.408047987
44.800000000	45.501844488
44.900000000	45.595655451
45.000000000	45.689480809
45.100000000	45.783320499
45.200000000	45.877174456
45.300000000	45.971042616
45.400000000	46.064924914
45.500000000	46.158821289
45.600000000	46.252731677
45.700000000	46.346656015
45.800000000	46.440594243
45.900000000	46.534546297
46.000000000	46.628512118
46.100000000	46.722491644
46.200000000	46.816484816
46.300000000	46.910491572
46.400000000	47.004511854
46.500000000	47.098545602
46.600000000	47.192592757
46.700000000	47.286653262
46.800000000	47.380727057
46.900000000	47.474814086
47.000000000	47.568914290
47.100000000	47.663027614
47.200000000	47.757154000
47.300000000	47.851293392
47.400000000	47.945445734
47.500000000	48.039610971
47.600000000	48.133789047
47.700000000	48.227979908
47.800000000	48.322183499
47.900000000	48.416399767
48.000000000	48.510628656
48.100000000	48.604870114
48.200000000	48.699124088
48.300000000	48.793390524
48.400000000	48.887669371
48.500000000	48.981960576
48.600000000	49.076264087
48.700000000	49.170579852
48.800000000	49.264907822
48.900000000	49.359247944
49.000000000	49.453600168
49.100000000	49.547964443
49.200000000	49.642340721
49.300000000	49.736728951
49.400000000	49.831129084
49.500000000	49.925541070
49.600000000	50.019964861
49.700000000	50.114400409
49.800000000	50.208847666
49.900000000	50.303306583
50.000000000	50.397777112
50.100000000	50.492259208
50.200000000	50.586752822
50.300000000	50.681257907
50.400000000	50.775774418
50.500000000	50.870302309
50.600000000	50.964841532
50.700000000	51.059392043
50.800000000	51.153953797
50.900000000	51.248526747
51.000000000	51.343110850
51.100000000	51.437706061
51.200000000	51.532312335
51.300000000	51.626929628
51.400000000	51.721557897
51.500000000	51.816197098
51.600000000	51.910847188
51.700000000	52.005508124
51.800000000	52.100179863
51.900000000	52.194862362
52.000000000	52.289555579
52.100000000	52.384259473
52.200000000	52.478974000
52.300000000	52.573699121
52.400000000	52.668434793
52.500000000	52.763180975
52.600000000	52.857937627
52.700000000	52.952704708
52.800000000	53.047482177
52.900000000	53.142269995
53.000000000	53.237068121
53.100000000	53.331876516
53.200000000	53.426695141
53.300000000	53.521523955
53.400000000	53.616362921
53.500000000	53.711211999
53.600000000	53.806071150
53.700000000	53.900940337
53.800000000	53.995819521
53.900000000	54.090708664
54.000000000	54.185607728
54.100000000	54.280516677
54.200000000	54.375435472
54.300000000	54.470364077
54.400000000	54.565302454
54.500000000	54.660250568
54.600000000	54.755208381
54.700000000	54.850175857
54.800000000	54.945152960
54.900000000	55.040139655
55.000000000	55.135135905
55.100000000	55.230141675
55.200000000	55.325156929
55.300000000	55.420181634
55.400000000	55.515215753
55.500000000	55.610259252
55.600000000	55.705312097
55.700000000	55.800374252
55.800000000	55.895445685
55.900000000	55.990526361
56.000000000	56.085616246
56.100000000	56.180715306
56.200000000	56.275823509
56.300000000	56.370940820
56.400000000	56.466067207
56.500000000	56.561202637
56.600000000	56.656347078
56.700000000	56.751500496
56.800000000	56.846662859
56.900000000	56.941834135
57.000000000	57.037014292
57.100000000	57.132203299
57.200000000	57.227401123
57.300000000	57.322607733
57.400000000	57.417823097
57.500000000	57.513047185
57.600000000	57.608279966
57.700000000	57.703521407
57.800000000	57.798771480
57.900000000	57.894030153
58.000000000	57.989297395
58.100000000	58.084573178
58.200000000	58.179857470
58.300000000	58.275150241
58.400000000	58.370451463
58.500000000	58.465761104
58.600000000	58.561079137
58.700000000	58.656405531
58.800000000	58.751740257
58.900000000	58.847083287
59.000000000	58.942434592
59.100000000	59.037794142
59.200000000	59.133161910
59.300000000	59.228537866
59.400000000	59.323921983
59.500000000	59.419314232
59.600000000	59.514714586
59.700000000	59.610123017
59.800000000	59.705539497
59.900000000	59.800963998
60.000000000	59.896396493
60.100000000	59.991836954
60.200000000	60.087285356
60.300000000	60.182741670
60.400000000	60.278205869
60.500000000	60.373677928
60.600000000	60.469157819
60.700000000	60.564645516
60.800000000	60.660140992
60.900000000	60.755644222
61.000000000	60.851155179
61.100000000	60.946673838
61.200000000	61.042200172
61.300000000	61.137734156
61.400000000	61.233275764
61.500000000	61.328824971
61.600000000	61.424381752
61.700000000	61.519946081
61.800000000	61.615517933
61.900000000	61.711097284
62.000000000	61.806684108
62.100000000	61.902278381
62.200000000	61.997880078
62.300000000	62.093489175
62.400000000	62.189105648
62.500000000	62.284729471
62.600000000	62.380360622
62.700000000	62.475999077
62.800000000	62.571644810
62.900000000	62.667297799
63.000000000	62.762958020
63.100000000	62.858625449
63.200000000	62.954300064
63.300000000	63.049981840
63.400000000	63.145670754
63.500000000	63.241366784
63.600000000	63.337069907
63.700000000	63.432780099
63.800000000	63.528497337
63.900000000	63.624221600
64.000000000	63.719952865
64.100000000	63.815691109
64.200000000	63.911436310
64.300000000	64.007188445
64.400000000	64.102947494
64.500000000	64.198713432
64.600000000	64.294486240
64.700000000	64.390265894
64.800000000	64.486052374
64.900000000	64.581845657
65.000000000	64.677645722
65.100000000	64.773452548
65.200000000	64.869266113
65.300000000	64.965086397
65.400000000	65.060913377
65.500000000	65.156747034
65.600000000	65.252587346
65.700000000	65.348434293
65.800000000	65.444287853
65.900000000	65.540148006
66.000000000	65.636014732
66.100000000	65.731888010
66.200000000	65.827767820
66.300000000	65.923654141
66.400000000	66.019546954
66.500000000	66.115446238
66.600000000	66.211351973
66.700000000	66.307264141
66.800000000	66.403182719
66.900000000	66.499107690
67.000000000	66.595039034
67.100000000	66.690976730
67.200000000	66.786920760
67.300000000	66.882871105
67.400000000	66.978827744
67.500000000	67.074790659
67.600000000	67.170759830
67.700000000	67.266735240
67.800000000	67.362716868
67.900000000	67.458704696
68.000000000	67.554698706
68.100000000	67.650698878
68.200000000	67.746705194
68.300000000	67.842717636
68.400000000	67.938736185
68.500000000	68.034760823
68.600000000	68.130791531
68.700000000	68.226828292
68.800000000	68.322871087
68.900000000	68.418919899
69.000000000	68.514974709
69.100000000	68.611035500
69.200000000	68.707102253
69.300000000	68.803174952
69.400000000	68.899253578
69.500000000	68.995338114
69.600000000	69.091428543
69.700000000	69.187524847
69.800000000	69.283627009
69.900000000	69.379735011
70.000000000	69.475848837
70.100000000	69.571968470
70.200000000	69.668093892
70.300000000	69.764225086
70.400000000	69.860362036
70.500000000	69.956504725
70.600000000	70.052653136
70.700000000	70.148807253
70.800000000	70.244967058
70.900000000	70.341132536
71.000000000	70.437303670
71.100000000	70.533480444
71.200000000	70.629662841
71.300000000	70.725850845
71.400000000	70.822044441
71.500000000	70.918243611
71.600000000	71.014448340
71.700000000	71.110658612
71.800000000	71.206874412
71.900000000	71.303095722
72.000000000	71.399322528
72.100000000	71.495554815
72.200000000	71.591792565
72.300000000	71.688035764
72.400000000	71.784284397
72.500000000	71.880538447
72.600000000	71.976797900
72.700000000	72.073062740
72.800000000	72.169332952
72.900000000	72.265608521
73.000000000	72.361889432
73.100000000	72.458175670
73.200000000	72.554467219
73.300000000	72.650764065
73.400000000	72.747066194
73.500000000	72.843373589
73.600000000	72.939686237
73.700000000	73.036004123
73.800000000	73.132327233
73.900000000	73.228655551
74.000000000	73.324989063
74.100000000	73.421327756
74.200000000	73.517671613
74.300000000	73.614020622
74.400000000	73.710374768
74.500000000	73.806734037
74.600000000	73.903098415
74.700000000	73.999467887
74.800000000	74.095842439
74.900000000	74.192222058
75.000000000	74.288606731
75.100000000	74.384996441
75.200000000	74.481391178
75.300000000	74.577790925
75.400000000	74.674195670
75.500000000	74.770605399
75.600000000	74.867020099
75.700000000	74.963439756
75.800000000	75.059864357
75.900000000	75.156293887
76.000000000	75.252728335
76.100000000	75.349167686
76.200000000	75.445611927
76.300000000	75.542061046
76.400000000	75.638515028
76.500000000	75.734973862
76.600000000	75.831437533
76.700000000	75.927906029
76.800000000	76.024379337
76.900000000	76.120857445
77.000000000	76.217340338
77.100000000	76.313828006
77.200000000	76.410320433
77.300000000	76.506817610
77.400000000	76.603319521
77.500000000	76.699826156
77.600000000	76.796337501
77.700000000	76.892853544
77.800000000	76.989374272
77.900000000	77.085899674
78.000000000	77.182429736
78.100000000	77.278964447
78.200000000	77.375503794
78.300000000	77.472047766
78.400000000	77.568596349
78.500000000	77.665149532
78.600000000	77.761707303
78.700000000	77.858269650
78.800000000	77.954836561
78.900000000	78.051408024
79.000000000	78.147984027
79.100000000	78.244564559
79.200000000	78.341149607
79.300000000	78.437739160
79.400000000	78.534333206
79.500000000	78.630931734
79.600000000	78.727534731
79.700000000	78.824142187
79.800000000	78.920754090
79.900000000	79.017370429
80.000000000	79.113991192
80.100000000	79.210616367
80.200000000	79.307245944
80.300000000	79.403879910
80.400000000	79.500518256
80.500000000	79.597160969
80.600000000	79.693808039
80.700000000	79.790459455
80.800000000	79.887115204
80.900000000	79.983775278
81.000000000	80.080439663
81.100000000	80.177108350
81.200000000	80.273781327
81.300000000	80.370458584
81.400000000	80.467140110
81.500000000	80.563825894
81.600000000	80.660515925
81.700000000	80.757210192
81.800000000	80.853908686
81.900000000	80.950611395
82.000000000	81.047318309
82.100000000	81.144029417
82.200000000	81.240744708
82.300000000	81.337464173
82.400000000	81.434187801
82.500000000	81.530915581
82.600000000	81.627647504
82.700000000	81.724383558
82.800000000	81.821123733
82.900000000	81.917868020
83.000000000	82.014616408
83.100000000	82.111368887
83.200000000	82.208125447
83.300000000	82.304886077
83.400000000	82.401650768
83.500000000	82.498419510
83.600000000	82.595192293
83.700000000	82.691969106
83.800000000	82.788749940
83.900000000	82.885534785
84.000000000	82.982323632
84.100000000	83.079116469
84.200000000	83.175913289
84.300000000	83.272714080
84.400000000	83.369518834
84.500000000	83.466327540
84.600000000	83.563140189
84.700000000	83.659956771
84.800000000	83.756777277
84.900000000	83.853601698
85.000000000	83.950430023
85.100000000	84.047262244
85.200000000	84.144098351
85.300000000	84.240938334
85.400000000	84.337782185
85.500000000	84.434629893
85.600000000	84.531481451
85.700000000	84.628336847
85.800000000	84.725196074
85.900000000	84.822059122
86.000000000	84.918925982
86.100000000	85.015796645
86.200000000	85.112671101
86.300000000	85.209549342
86.400000000	85.306431359
86.500000000	85.403317142
86.600000000	85.500206683
86.700000000	85.597099973
86.800000000	85.693997003
86.900000000	85.790897763
87.000000000	85.887802246
87.100000000	85.984710443
87.200000000	86.081622344
87.300000000	86.178537941
87.400000000	86.275457225
87.500000000	86.372380187
87.600000000	86.469306820
87.700000000	86.566237114
87.800000000	86.663171060
87.900000000	86.760108651
88.000000000	86.857049877
88.100000000	86.953994731
88.200000000	87.050943203
88.300000000	87.147895285
88.400000000	87.244850969
88.500000000	87.341810247
88.600000000	87.438773109
88.700000000	87.535739549
88.800000000	87.632709556
88.900000000	87.729683125
89.000000000	87.826660245
89.100000000	87.923640908
89.200000000	88.020625108
89.300000000	88.117612835
89.400000000	88.214604081
89.500000000	88.311598838
89.600000000	88.408597099
89.700000000	88.505598855
89.800000000	88.602604098
89.900000000	88.699612820
90.000000000	88.796625013
90.100000000	88.893640669
90.200000000	88.990659781
90.300000000	89.087682340
90.400000000	89.184708339
90.500000000	89.281737769
90.600000000	89.378770624
90.700000000	89.475806895
90.800000000	89.572846574
90.900000000	89.669889654
91.000000000	89.766936127
91.100000000	89.863985986
91.200000000	89.961039222
91.300000000	90.058095828
91.400000000	90.155155797
91.500000000	90.252219121
91.600000000	90.349285793
91.700000000	90.446355804
91.800000000	90.543429148
91.900000000	90.640505816
92.000000000	90.737585803
92.100000000	90.834669099
92.200000000	90.931755698
92.300000000	91.028845593
92.400000000	91.125938775
92.500000000	91.223035239
92.600000000	91.320134975
92.700000000	91.417237978
92.800000000	91.514344240
92.900000000	91.611453753
93.000000000	91.708566511
93.100000000	91.805682506
93.200000000	91.902801732
93.300000000	91.999924180
93.400000000	92.097049844
93.500000000	92.194178717
93.600000000	92.291310792
93.700000000	92.388446062
93.800000000	92.485584520
93.900000000	92.582726158
94.000000000	92.679870970
94.100000000	92.777018949
94.200000000	92.874170088
94.300000000	92.971324379
94.400000000	93.068481817
94.500000000	93.165642395
94.600000000	93.262806105
94.700000000	93.359972940
94.800000000	93.457142894
94.900000000	93.554315961
95.000000000	93.651492133
95.100000000	93.748671403
95.200000000	93.845853766
95.300000000	93.943039213
95.400000000	94.040227740
95.500000000	94.137419338
95.600000000	94.234614002
95.700000000	94.331811724
95.800000000	94.429012499
95.900000000	94.526216319
96.000000000	94.623423178
96.100000000	94.720633070
96.200000000	94.817845988
96.300000000	94.915061926
96.400000000	95.012280877
96.500000000	95.109502835
96.600000000	95.206727793
96.700000000	95.303955745
96.800000000	95.401186685
96.900000000	95.498420606
97.000000000	95.595657502
97.100000000	95.692897366
97.200000000	95.790140193
97.300000000	95.887385976
97.400000000	95.984634709
97.500000000	96.081886385
97.600000000	96.179140999
97.700000000	96.276398544
97.800000000	96.373659014
97.900000000	96.470922403
98.000000000	96.568188705
98.100000000	96.665457913
98.200000000	96.762730022
98.300000000	96.860005026
98.400000000	96.957282918
98.500000000	97.054563692
98.600000000	97.151847342
98.700000000	97.249133863
98.800000000	97.346423249
98.900000000	97.443715492
99.000000000	97.541010589
99.100000000	97.638308532
99.200000000	97.735609315
99.300000000	97.832912933
99.400000000	97.930219381
99.500000000	98.027528651
99.600000000	98.124840738
99.700000000	98.222155637
99.800000000	98.319473342
99.900000000	98.416793846
100.000000000	98.514117144
100.100000000	98.611416317
100.200000000	98.708663799
100.300000000	98.805858599
100.400000000	98.902999707
100.500000000	99.000086094
100.600000000	99.097116711
100.700000000	99.194090489
100.800000000	99.291006340
100.900000000	99.387863153
101.000000000	99.484659796
101.100000000	99.581395117
101.200000000	99.678067939
101.300000000	99.774677067
101.400000000	99.871221278
101.500000000	99.967699329
101.600000000	100.064109952
101.700000000	100.160451855
101.800000000	100.256723721
101.900000000	100.352924208
102.000000000	100.449051948
102.100000000	100.545105549
102.200000000	100.641083588
102.300000000	100.736984619
102.400000000	100.832807166
102.500000000	100.928549725
102.600000000	101.024210765
102.700000000	101.119788723
102.800000000	101.215282008
102.900000000	101.310688998
103.000000000	101.406008040
103.100000000	101.501237450
103.200000000	101.596375511
103.300000000	101.691420474
103.400000000	101.786370555
103.500000000	101.881223938
103.600000000	101.975978770
103.700000000	102.070633166
103.800000000	102.165185202
103.900000000	102.259632918
104.000000000	102.353974318
104.100000000	102.448207365
104.200000000	102.542329986
104.300000000	102.636340068
104.400000000	102.730235456
104.500000000	102.824013955
104.600000000	102.917673329
104.700000000	103.011211298
104.800000000	103.104625539
104.900000000	103.197913685
105.000000000	103.291073324
105.100000000	103.384101997
105.200000000	103.476997200
105.300000000	103.569756380
105.400000000	103.662376935
105.500000000	103.754856215
105.600000000	103.847191519
105.700000000	103.939380094
105.800000000	104.031419136
105.900000000	104.123305785
106.000000000	104.215037130
106.100000000	104.306610203
106.200000000	104.398021980
106.300000000	104.489269378
106.400000000	104.580349258
106.500000000	104.671258420
106.600000000	104.761993604
106.700000000	104.852551487
106.800000000	104.942928684
106.900000000	105.033121746
107.000000000	105.123127158
107.100000000	105.212941338
107.200000000	105.302560638
107.300000000	105.391981339
107.400000000	105.481199653
107.500000000	105.570211719
107.600000000	105.659013604
107.700000000	105.747601301
107.800000000	105.835970726
107.900000000	105.924117719
108.000000000	106.012038041
108.100000000	106.099727372
108.200000000	106.187181314
108.300000000	106.274395381
108.400000000	106.361365006
108.500000000	106.448085535
108.600000000	106.534552227
108.700000000	106.620760250
108.800000000	106.706704684
108.900000000	106.792380513
109.000000000	106.877782629
109.100000000	106.962905827
109.200000000	107.047744806
109.300000000	107.132294164
109.400000000	107.216548397
109.500000000	107.300501899
109.600000000	107.384148959
109.700000000	107.467483759
109.800000000	107.550500372
109.900000000	107.633192759
110.000000000	107.715554771
110.100000000	107.797580141
110.200000000	107.879262486
110.300000000	107.960595305
110.400000000	108.041571975
110.500000000	108.122185749
110.600000000	108.202429755
110.700000000	108.282296993
110.800000000	108.361780334
110.900000000	108.440872515
111.000000000	108.519566137
111.100000000	108.597853668
111.200000000	108.675727432
111.300000000	108.753179613
111.400000000	108.830202249
111.500000000	108.906787233
111.600000000	108.982926306
111.700000000	109.058611057
111.800000000	109.133832921
111.900000000	109.208583174
112.000000000	109.282852931
112.100000000	109.356633145
112.200000000	109.429914602
112.300000000	109.502687917
112.400000000	109.574943537
112.500000000	109.646671730
112.600000000	109.717862588
112.700000000	109.788506021
112.800000000	109.858591755
112.900000000	109.928109328
113.000000000	109.997048088
113.100000000	110.065397188
113.200000000	110.133145586
113.300000000	110.200282037
113.400000000	110.266795093
113.500000000	110.332673098
113.600000000	110.397904187
113.700000000	110.462476279
113.800000000	110.526377074
113.900000000	110.589594052
114.000000000	110.652114468
114.100000000	110.713925345
114.200000000	110.775013478
114.300000000	110.835365420
114.400000000	110.894967486
114.500000000	110.953805748
114.600000000	111.011866027
114.700000000	111.069133892
114.800000000	111.125594656
114.900000000	111.181233372
115.000000000	111.236034825
115.100000000	111.289983536
115.200000000	111.343063747
115.300000000	111.395259426
115.400000000	111.446554259
115.500000000	111.496931642
115.600000000	111.546374685
115.700000000	111.594866199
115.800000000	111.642388695
115.900000000	111.688924382
116.000000000	111.734455158
116.100000000	111.778962606
116.200000000	111.822427993
116.300000000	111.864832260
116.400000000	111.906156022
116.500000000	111.946379559
116.600000000	111.985482814
116.700000000	112.023445386
116.800000000	112.060246529
116.900000000	112.095865140
117.000000000	112.130279761
117.100000000	112.163468570
117.200000000	112.195409376
117.300000000	112.226079616
117.400000000	112.255456349
117.500000000	112.283516249
117.600000000	112.310235601
117.700000000	112.335590298
117.800000000	112.359555831
117.900000000	112.382107289
118.000000000	112.403219349
118.100000000	112.422866274
118.200000000	112.441021906
118.300000000	112.457659662
118.400000000	112.472752527
118.500000000	112.486273051
118.600000000	112.498193341
118.700000000	112.508485057
118.800000000	112.517119408
118.900000000	112.524067144
119.000000000	112.529298554
119.100000000	112.532783457
119.200000000	112.534491200
119.300000000	112.534390653
119.400000000	112.532450200
119.500000000	112.528637739
119.600000000	112.522920672
119.700000000	112.515265905
119.800000000	112.505639839
119.900000000	112.494008368
120.000000000	112.480336873
120.100000000	112.464590218
120.200000000	112.446732742
120.300000000	112.426728262
120.400000000	112.404540061
120.500000000	112.380130887
120.600000000	112.353462951
120.700000000	112.324497918
120.800000000	112.293196908
120.900000000	112.259520489
121.000000000	112.223428676
121.100000000	112.184880925
121.200000000	112.143836132
121.300000000	112.100252629
121.400000000	112.054088182
121.500000000	112.005299988
121.600000000	111.953844670
121.700000000	111.899678281
121.800000000	111.842756297
121.900000000	111.783033617
122.000000000	111.720464562
122.100000000	111.655002874
122.200000000	111.586601716
122.300000000	111.515213670
122.400000000	111.440790736
122.500000000	111.363284339
122.600000000	111.282645320
122.700000000	111.198823946
122.800000000	111.111769905
122.900000000	111.021432313
123.000000000	110.927759711
123.100000000	110.830700075
123.200000000	110.730200814
123.300000000	110.626208774
123.400000000	110.518670245
123.500000000	110.407530966
123.600000000	110.292736129
123.700000000	110.174230384
123.800000000	110.051957851
123.900000000	109.925862121
124.000000000	109.795886269
124.100000000	109.661972862
124.200000000	109.524063966
124.300000000	109.382101159
124.400000000	109.236025541
124.500000000	109.085777747
124.600000000	108.931297959
124.700000000	108.772525920
124.800000000	108.609400948
124.900000000	108.441861952
125.000000000	108.269847448
125.100000000	108.093295579
125.200000000	107.912144128
125.300000000	107.726330544
125.400000000	107.535791958
125.500000000	107.340465208
125.600000000	107.140286858
125.700000000	106.935193226
125.800000000	106.725120408
125.900000000	106.510004304
126.000000000	106.289780647
126.100000000	106.064385030
126.200000000	105.833752941
126.300000000	105.597819790
126.400000000	105.356520945
126.500000000	105.109791769
126.600000000	104.857567651
126.700000000	104.599784050
126.800000000	104.336376529
126.900000000	104.067280802
127.000000000	103.792432772
127.100000000	103.511768578
127.200000000	103.225224640
127.300000000	102.932737709
127.400000000	102.634244915
127.500000000	102.329683817
127.600000000	102.018992463
127.700000000	101.702109438
127.800000000	101.378973923
127.900000000	101.049525760
128.000000000	100.713705505
128.100000000	100.371454495
128.200000000	100.022714915
128.300000000	99.667429861
128.400000000	99.305543412
128.500000000	98.937000702
128.600000000	98.561747989
128.700000000	98.179732737
128.800000000	97.790903687
128.900000000	97.395210942
129.000000000	96.992606045
129.100000000	96.583042063
129.200000000	96.166473677
129.300000000	95.742857266
129.400000000	95.312150996
129.500000000	94.874314918
129.600000000	94.429311056
129.700000000	93.977103505
129.800000000	93.517658533
129.900000000	93.050944673
130.000000000	92.576932834
130.100000000	92.095596398
130.200000000	91.606911328
130.300000000	91.110856274
130.400000000	90.607412686
130.500000000	90.096564918
130.600000000	89.578300345
130.700000000	89.052609472
130.800000000	88.519486054
130.900000000	87.978927204
131.000000000	87.430933518
131.100000000	86.875509186
131.200000000	86.312662114
131.300000000	85.742404042
131.400000000	85.164750662
131.500000000	84.579721739
131.600000000	83.987341232
131.700000000	83.387637412
131.800000000	82.780642980
131.900000000	82.166395190
132.000000000	81.544935964
132.100000000	80.916312011
132.200000000	80.280574939
132.300000000	79.637781377
132.400000000	78.987993082
132.500000000	78.331277051
132.600000000	77.667705630
132.700000000	76.997356620
132.800000000	76.320313381
132.900000000	75.636664929
133.000000000	74.946506034
133.100000000	74.249937313
133.200000000	73.547065316
133.300000000	72.838002608
133.400000000	72.122867852
133.500000000	71.401785875
133.600000000	70.674887742
133.700000000	69.942310809
133.800000000	69.204198783
133.900000000	68.460701764
134.000000000	67.711976288
134.100000000	66.958185354
134.200000000	66.199498451
134.300000000	65.436091570
134.400000000	64.668147206
134.500000000	63.895854358
134.600000000	63.119408510
134.700000000	62.339011604
134.800000000	61.554872008
134.900000000	60.767204463
135.000000000	59.976230024
135.100000000	59.182175989
135.200000000	58.385275810
135.300000000	57.585769000
135.400000000	56.783901016
135.500000000	55.979923136
135.600000000	55.174092320
135.700000000	54.366671056
135.800000000	53.557927190
135.900000000	52.748133742
136.000000000	51.937568711
136.100000000	51.126514859
136.200000000	50.315259482
136.300000000	49.504094163
136.400000000	48.693314520
136.500000000	47.883219920
136.600000000	47.074113195
136.700000000	46.266300335
136.800000000	45.460090163
136.900000000	44.655794001
137.000000000	43.853725320
137.100000000	43.054199371
137.200000000	42.257532807
137.300000000	41.464043292
137.400000000	40.674049091
137.500000000	39.887868655
137.600000000	39.105820188
137.700000000	38.328221208
137.800000000	37.555388093
137.900000000	36.787635626
138.000000000	36.025276519
138.100000000	35.268620943
138.200000000	34.517976041
138.300000000	33.773645445
138.400000000	33.035928783
138.500000000	32.305121184
138.600000000	31.581512788
138.700000000	30.865388249
138.800000000	30.157026243
138.900000000	29.456698980
139.000000000	28.764671723
139.100000000	28.081202306
139.200000000	27.406540671
139.300000000	26.740928406
139.400000000	26.084598298
139.500000000	25.437773905
139.600000000	24.800669132
139.700000000	24.173487832
139.800000000	23.556423428
139.900000000	22.949658545
140.000000000	22.353364674
140.100000000	21.767701857
140.200000000	21.192818392
140.300000000	20.628850576
140.400000000	20.075922460
140.500000000	19.534145654
140.600000000	19.003619141
140.700000000	18.484429143
140.800000000	17.976649004
140.900000000	17.480339115
141.000000000	16.995546875
141.100000000	16.522306682
141.200000000	16.060639961
141.300000000	15.610555228
141.400000000	15.172048197
141.500000000	14.745101906
141.600000000	14.329686899
141.700000000	13.925761428
141.800000000	13.533271695
141.900000000	13.152152128
142.000000000	12.782325691
142.100000000	12.423704219
142.200000000	12.076188792
142.300000000	11.739670128
142.400000000	11.414029013
142.500000000	11.099136743
142.600000000	10.794855602
142.700000000	10.501039350
142.800000000	10.217533735
142.900000000	9.944177018
143.000000000	9.680800511
143.100000000	9.427229128
143.200000000	9.183281942
143.300000000	8.948772744
143.400000000	8.723510612
143.500000000	8.507300474
143.600000000	8.299943666
143.700000000	8.101238494
143.800000000	7.910980775
143.900000000	7.728964381
144.000000000	7.554981758
144.100000000	7.388824440
144.200000000	7.230283538
144.300000000	7.079150217
144.400000000	6.935216145
144.500000000	6.798273932
144.600000000	6.668117530
144.700000000	6.544542621
144.800000000	6.427346976
144.900000000	6.316330789
145.000000000	6.211296981
145.100000000	6.112051483
145.200000000	6.018403492
145.300000000	5.930165694
145.400000000	5.847154473
145.500000000	5.769190082
145.600000000	5.696096801
145.700000000	5.627703060
145.800000000	5.563841550
145.900000000	5.504349304
146.000000000	5.449067761
146.100000000	5.397842808
146.200000000	5.350524809
146.300000000	5.306968609
146.400000000	5.267033529
146.500000000	5.230583342
146.600000000	5.197486240
146.700000000	5.167614783
146.800000000	5.140845846
146.900000000	5.117060547
147.000000000	5.096144175
147.100000000	5.077986104
147.200000000	5.062479703
147.300000000	5.049522246
147.400000000	5.039014811
147.500000000	5.030862174
147.600000000	5.024972710
147.700000000	5.021258285
147.800000000	5.019634145
147.900000000	5.020018811
148.000000000	5.022333969
148.100000000	5.026504359
148.200000000	5.032457675
148.300000000	5.040124451
148.400000000	5.049437960
148.500000000	5.060334110
148.600000000	5.072751346
148.700000000	5.086630548
148.800000000	5.101914934
148.900000000	5.118549972
149.000000000	5.136483283
149.100000000	5.155664556
149.200000000	5.176045461
149.300000000	5.197579568
149.400000000	5.220222267
149.500000000	5.243930687
149.600000000	5.268663629
149.700000000	5.294381487
149.800000000	5.321046185
149.900000000	5.348621108
150.000000000	5.377071040
150.100000000	5.406362102
150.200000000	5.436461695
150.300000000	5.467338442
150.400000000	5.498962137
150.500000000	5.531303694
150.600000000	5.564335094
150.700000000	5.598029344
150.800000000	5.632360426
150.900000000	5.667303259
151.000000000	5.702833656
151.100000000	5.738928285
151.200000000	5.775564633
151.300000000	5.812720967
151.400000000	5.850376306
151.500000000	5.888510381
151.600000000	5.927103610
151.700000000	5.966137065
151.800000000	6.005592446
151.900000000	6.045452052
152.000000000	6.085698758
152.100000000	6.126315988
152.200000000	6.167287691
152.300000000	6.208598322
152.400000000	6.250232818
152.500000000	6.292176579
152.600000000	6.334415446
152.700000000	6.376935687
152.800000000	6.419723976
152.900000000	6.462767376
153.000000000	6.506053324
153.100000000	6.549569617
153.200000000	6.593304395
153.300000000	6.637246126
153.400000000	6.681383596
153.500000000	6.725705894
153.600000000	6.770202402
153.700000000	6.814862778
153.800000000	6.859676951
153.900000000	6.904635108
154.000000000	6.949727681
154.100000000	6.994945344
154.200000000	7.040278996
154.300000000	7.085719756
154.400000000	7.131258955
154.500000000	7.176888128
154.600000000	7.222599002
154.700000000	7.268383494
154.800000000	7.314233702
154.900000000	7.360141895
155.000000000	7.406100511
155.100000000	7.452102149
155.200000000	7.498139563
155.300000000	7.544205654
155.400000000	7.590293469
155.500000000	7.636396193
155.600000000	7.682507143
155.700000000	7.728619765
155.800000000	7.774727631
155.900000000	7.820824429
156.000000000	7.866903963
156.100000000	7.912960151
156.200000000	7.958987014
156.300000000	8.004978680
156.400000000	8.050929374
156.500000000	8.096833418
156.600000000	8.142685230
156.700000000	8.188479314
156.800000000	8.234210263
156.900000000	8.279872753
157.000000000	8.325461543
157.100000000	8.370971468
157.200000000	8.416397442
157.300000000	8.461734450
157.400000000	8.506977548
157.500000000	8.552121864
157.600000000	8.597162590
157.700000000	8.642094983
157.800000000	8.686914364
157.900000000	8.731616114
158.000000000	8.776195673
158.100000000	8.820648539
158.200000000	8.864970264
158.300000000	8.909156455
158.400000000	8.953202772
158.500000000	8.997104926
158.600000000	9.040858677
158.700000000	9.084459833
158.800000000	9.127904250
158.900000000	9.171187829
159.000000000	9.214306517
159.100000000	9.257256303
159.200000000	9.300033220
159.300000000	9.342633341
159.400000000	9.385052780
159.500000000	9.427287692
159.600000000	9.469334269
159.700000000	9.511188743
159.800000000	9.552847380
159.900000000	9.594306486
160.000000000	9.635562401
160.100000000	9.676611501
160.200000000	9.717450195
160.300000000	9.758074927
160.400000000	9.798482175
160.500000000	9.838668449
160.600000000	9.878630292
160.700000000	9.918364279
160.800000000	9.957867015
160.900000000	9.997135139
161.000000000	10.036165319
161.100000000	10.074954254
161.200000000	10.113498673
161.300000000	10.151795336
161.400000000	10.189841031
161.500000000	10.227632576
161.600000000	10.265166821
161.700000000	10.302440642
161.800000000	10.339450945
161.900000000	10.376194666
162.000000000	10.412668769
162.100000000	10.448870246
162.200000000	10.484796120
162.300000000	10.520443441
162.400000000	10.555809289
162.500000000	10.590890770
162.600000000	10.625685023
162.700000000	10.660189213
162.800000000	10.694400535
162.900000000	10.728316213
163.000000000	10.761933500
163.100000000	10.795249678
163.200000000	10.828262059
163.300000000	10.860967986
163.400000000	10.893364828
163.500000000	10.925449989
163.600000000	10.957220898
163.700000000	10.988675020
163.800000000	11.019809847
163.900000000	11.050622902
164.000000000	11.081111742
164.100000000	11.111273952
164.200000000	11.141107153
164.300000000	11.170608995
164.400000000	11.199777162
164.500000000	11.228609370
164.600000000	11.257103369
164.700000000	11.285256942
164.800000000	11.313067908
164.900000000	11.340534117
165.000000000	11.367653457
165.100000000	11.394423849
165.200000000	11.420843251
165.300000000	11.446909657
165.400000000	11.472621096
165.500000000	11.497975636
165.600000000	11.522971382
165.700000000	11.547606475
165.800000000	11.571879097
165.900000000	11.595787467
166.000000000	11.619329844
166.100000000	11.642504528
166.200000000	11.665309857
166.300000000	11.687744212
166.400000000	11.709806013
166.500000000	11.731493726
166.600000000	11.752805855
166.700000000	11.773740948
166.800000000	11.794297600
166.900000000	11.814474445
167.000000000	11.834270165
167.100000000	11.853683486
167.200000000	11.872713179
167.300000000	11.891358063
167.400000000	11.909617002
167.500000000	11.927488908
167.600000000	11.944972741
167.700000000	11.962067510
167.800000000	11.978772271
167.900000000	11.995086131
168.000000000	12.011008248
168.100000000	12.026537828
168.200000000	12.041674132
168.300000000	12.056416468
168.400000000	12.070764199
168.500000000	12.084716742
168.600000000	12.098273564
168.700000000	12.111434189
168.800000000	12.124198194
168.900000000	12.136565209
169.000000000	12.148534924
169.100000000	12.160107080
169.200000000	12.171281478
169.300000000	12.182057975
169.400000000	12.192436483
169.500000000	12.202416976
169.600000000	12.211999483
169.700000000	12.221184094
169.800000000	12.229970956
169.900000000	12.238360277
170.000000000	12.246352326
170.100000000	12.253947431
170.200000000	12.261145982
170.300000000	12.267948429
170.400000000	12.274355284
170.500000000	12.280367123
170.600000000	12.285984582
170.700000000	12.291208360
170.800000000	12.296039222
170.900000000	12.300477991
171.000000000	12.304525559
171.100000000	12.308182879
171.200000000	12.311450968
171.300000000	12.314330908
171.400000000	12.316823847
171.500000000	12.318930996
171.600000000	12.320653631
171.700000000	12.321993095
171.800000000	12.322950793
171.900000000	12.323528199
172.000000000	12.323726849
172.100000000	12.323548349
172.200000000	12.322994366
172.300000000	12.322066635
172.400000000	12.320766957
172.500000000	12.319097198
172.600000000	12.317059289
172.700000000	12.314655227
172.800000000	12.311887075
172.900000000	12.308756962
173.000000000	12.305267079
173.100000000	12.301419685
173.200000000	12.297217104
173.300000000	12.292661723
173.400000000	12.287755993
173.500000000	12.282502432
173.600000000	12.276903620
173.700000000	12.270962199
173.800000000	12.264680877
173.900000000	12.258062422
174.000000000	12.251109668
174.100000000	12.243825508
174.200000000	12.236212897
174.300000000	12.228274851
174.400000000	12.220014448
174.500000000	12.211434824
174.600000000	12.202539175
174.700000000	12.193330756
174.800000000	12.183812881
174.900000000	12.173988920
175.000000000	12.163862299
175.100000000	12.153436504
175.200000000	12.142715072
175.300000000	12.131701596
175.400000000	12.120399725
175.500000000	12.108813157
175.600000000	12.096945645
175.700000000	12.084800993
175.800000000	12.072383053
175.900000000	12.059695729
176.000000000	12.046742973
176.100000000	12.033528782
176.200000000	12.020057203
176.300000000	12.006332326
176.400000000	11.992358285
176.500000000	11.978139258
176.600000000	11.963679466
176.700000000	11.948983170
176.800000000	11.934054670
176.900000000	11.918898306
177.000000000	11.903518454
177.100000000	11.887919527
177.200000000	11.872105973
177.300000000	11.856082274
177.400000000	11.839852942
177.500000000	11.823422524
177.600000000	11.806795593
177.700000000	11.789976751
177.800000000	11.772970629
177.900000000	11.755781883
178.000000000	11.738415190
178.100000000	11.720875254
178.200000000	11.703166798
178.300000000	11.685294566
178.400000000	11.667263319
178.500000000	11.649077837
178.600000000	11.630742913
178.700000000	11.612263356
178.800000000	11.593643987
178.900000000	11.574889638
179.000000000	11.556005150
179.100000000	11.536995372
179.200000000	11.517865161
179.300000000	11.498619376
179.400000000	11.479262882
179.500000000	11.459800545
179.600000000	11.440237231
179.700000000	11.420577804
179.800000000	11.400827128
179.900000000	11.380990060
180.000000000	11.361071452
180.100000000	11.341076148
180.200000000	11.321008985
180.300000000	11.300874787
180.400000000	11.280678369
180.500000000	11.260424529
180.600000000	11.240118053
180.700000000	11.219763710
180.800000000	11.199366250
180.900000000	11.178930404
181.000000000	11.158460883
181.100000000	11.137962375
181.200000000	11.117439543
181.300000000	11.096897028
181.400000000	11.076339441
181.500000000	11.055771367
181.600000000	11.035197363
181.700000000	11.014621951
181.800000000	10.994049626
181.900000000	10.973484847
182.000000000	10.952932037
182.100000000	10.932395588
182.200000000	10.911879849
182.300000000	10.891389135
182.400000000	10.870927720
182.500000000	10.850499837
182.600000000	10.830109678
182.700000000	10.809761391
182.800000000	10.789459081
182.900000000	10.769206806
183.000000000	10.749008581
183.100000000	10.728868370
183.200000000	10.708790092
183.300000000	10.688777615
183.400000000	10.668834758
183.500000000	10.648965288
183.600000000	10.629172921
183.700000000	10.609461320
183.800000000	10.589834095
183.900000000	10.570294800
184.000000000	10.550846936
184.100000000	10.531493947
184.200000000	10.512239221
184.300000000	10.493086090
184.400000000	10.474037827
184.500000000	10.455097647
184.600000000	10.436268706
184.700000000	10.417554101
184.800000000	10.398956869
184.900000000	10.380479988
185.000000000	10.362126372
185.100000000	10.343898878
185.200000000	10.325800299
185.300000000	10.307833367
185.400000000	10.290000751
185.500000000	10.272305060
185.600000000	10.254748837
185.700000000	10.237334565
185.800000000	10.220064664
185.900000000	10.202941490
186.000000000	10.185967335
186.100000000	10.169144429
186.200000000	10.152474939
186.300000000	10.135960969
186.400000000	10.119604557
186.500000000	10.103407681
186.600000000	10.087372254
186.700000000	10.071500127
186.800000000	10.055793087
186.900000000	10.040252859
187.000000000	10.024881105
187.100000000	10.009679424
187.200000000	9.994649355
187.300000000	9.979792373
187.400000000	9.965109891
187.500000000	9.950603263
187.600000000	9.936273780
187.700000000	9.922122673
187.800000000	9.908151112
187.900000000	9.894360210
188.000000000	9.880751016
188.100000000	9.867324524
188.200000000	9.854081667
188.300000000	9.841023320
188.400000000	9.828150303
188.500000000	9.815463375
188.600000000	9.802963242
188.700000000	9.790650551
188.800000000	9.778525895
188.900000000	9.766589813
189.000000000	9.754842788
189.100000000	9.743285250
189.200000000	9.731917576
189.300000000	9.720740090
189.400000000	9.709753066
189.500000000	9.698956723
189.600000000	9.688351235
189.700000000	9.677936720
189.800000000	9.667713253
189.900000000	9.657680855
190.000000000	9.647839504
190.100000000	9.638189127
190.200000000	9.628729607
190.300000000	9.619460780
190.400000000	9.610382440
190.500000000	9.601494333
190.600000000	9.592796163
190.700000000	9.584287593
190.800000000	9.575968242
190.900000000	9.567837688
191.000000000	9.559895471
191.100000000	9.552141087
191.200000000	9.544573997
191.300000000	9.537193622
191.400000000	9.529999346
191.500000000	9.522990516
191.600000000	9.516166443
191.700000000	9.509526404
191.800000000	9.503069640
191.900000000	9.496795360
192.000000000	9.490702739
192.100000000	9.484790920
192.200000000	9.479059015
192.300000000	9.473506105
192.400000000	9.468131241
192.500000000	9.462933445
192.600000000	9.457911712
192.700000000	9.453065006
192.800000000	9.448392267
192.900000000	9.443892408
193.000000000	9.439564315
193.100000000	9.435406852
193.200000000	9.431418856
193.300000000	9.427599142
193.400000000	9.423946502
193.500000000	9.420459707
193.600000000	9.417137504
193.700000000	9.413978623
193.800000000	9.410981770
193.900000000	9.408145634
194.000000000	9.405468886
194.100000000	9.402950177
194.200000000	9.400588141
194.300000000	9.398381397
194.400000000	9.396328545
194.500000000	9.394428171
194.600000000	9.392678847
194.700000000	9.391079128
194.800000000	9.389627558
194.900000000	9.388322666
195.000000000	9.387162969
195.100000000	9.386146973
195.200000000	9.385273171
195.300000000	9.384540045
195.400000000	9.383946067
195.500000000	9.383489701
195.600000000	9.383169399
195.700000000	9.382983606
195.800000000	9.382930756
195.900000000	9.383009280
196.000000000	9.383217598
196.100000000	9.383554123
196.200000000	9.384017264
196.300000000	9.384605422
196.400000000	9.385316994
196.500000000	9.386150373
196.600000000	9.387103944
196.700000000	9.388176091
196.800000000	9.389365193
196.900000000	9.390669626
197.000000000	9.392087765
197.100000000	9.393617979
197.200000000	9.395258638
197.300000000	9.397008109
197.400000000	9.398864758
197.500000000	9.400826951
197.600000000	9.402893051
197.700000000	9.405061425
197.800000000	9.407330435
197.900000000	9.409698449
198.000000000	9.412163832
198.100000000	9.414724951
198.200000000	9.417380176
198.300000000	9.420127878
198.400000000	9.422966428
198.500000000	9.425894204
198.600000000	9.428909583
198.700000000	9.432010946
198.800000000	9.435196679
198.900000000	9.438465168
199.000000000	9.441814807
199.100000000	9.445243992
199.200000000	9.448751122
199.300000000	9.452334604
199.400000000	9.455992848
199.500000000	9.459724269
199.600000000	9.463527287
199.700000000	9.467400328
199.800000000	9.471341825
199.900000000	9.475350216
200.000000000	9.479423945
200.100000000	9.483561462
200.200000000	9.487761226
200.300000000	9.492021699
200.400000000	9.496341354
200.500000000	9.500718668
200.600000000	9.505152127
200.700000000	9.509640226
200.800000000	9.514181464
200.900000000	9.518774350
201.000000000	9.523417403
201.100000000	9.528109146
201.200000000	9.532848114
201.300000000	9.537632848
201.400000000	9.542461900
201.500000000	9.547333829
201.600000000	9.552247203
201.700000000	9.557200601
201.800000000	9.562192608
201.900000000	9.567221822
202.000000000	9.572286847
202.100000000	9.577386298
202.200000000	9.582518801
202.300000000	9.587682990
202.400000000	9.592877510
202.500000000	9.598101014
202.600000000	9.603352169
202.700000000	9.608629647
202.800000000	9.613932135
202.900000000	9.619258328
203.000000000	9.624606932
203.100000000	9.629976663
203.200000000	9.635366249
203.300000000	9.640774427
203.400000000	9.646199945
203.500000000	9.651641564
203.600000000	9.657098054
203.700000000	9.662568197
203.800000000	9.668050784
203.900000000	9.673544620
204.000000000	9.679048519
204.100000000	9.684561308
204.200000000	9.690081824
204.300000000	9.695608916
204.400000000	9.701141444
204.500000000	9.706678279
204.600000000	9.712218306
204.700000000	9.717760419
204.800000000	9.723303525
204.900000000	9.728846541
205.000000000	9.734388397
205.100000000	9.739928035
205.200000000	9.745464408
205.300000000	9.750996482
205.400000000	9.756523232
205.500000000	9.762043649
205.600000000	9.767556732
205.700000000	9.773061495
205.800000000	9.778556961
205.900000000	9.784042168
206.000000000	9.789516163
206.100000000	9.794978008
206.200000000	9.800426775
206.300000000	9.805861548
206.400000000	9.811281424
206.500000000	9.816685512
206.600000000	9.822072933
206.700000000	9.827442819
206.800000000	9.832794316
206.900000000	9.838126580
207.000000000	9.843438781
207.100000000	9.848730101
207.200000000	9.853999732
207.300000000	9.859246881
207.400000000	9.864470764
207.500000000	9.869670613
207.600000000	9.874845668
207.700000000	9.879995184
207.800000000	9.885118428
207.900000000	9.890214677
208.000000000	9.895283222
208.100000000	9.900323366
208.200000000	9.905334422
208.300000000	9.910315719
208.400000000	9.915266594
208.500000000	9.920186399
208.600000000	9.925074496
208.700000000	9.929930259
208.800000000	9.934753077
208.900000000	9.939542348
209.000000000	9.944297482
209.100000000	9.949017903
209.200000000	9.953703044
209.300000000	9.958352353
209.400000000	9.962965288
209.500000000	9.967541320
209.600000000	9.972079929
209.700000000	9.976580611
209.800000000	9.981042871
209.900000000	9.985466226
210.000000000	9.989850205
210.100000000	9.994194350
210.200000000	9.998498211
210.300000000	10.002761355
210.400000000	10.006983355
210.500000000	10.011163800
210.600000000	10.015302287
210.700000000	10.019398428
210.800000000	10.023451842
210.900000000	10.027462164
211.000000000	10.031429036
211.100000000	10.035352116
211.200000000	10.039231069
211.300000000	10.043065574
211.400000000	10.046855318
211.500000000	10.050600004
211.600000000	10.054299341
211.700000000	10.057953053
211.800000000	10.061560871
211.900000000	10.065122542
212.000000000	10.068637818
212.100000000	10.072106467
212.200000000	10.075528264
212.300000000	10.078902997
212.400000000	10.082230464
212.500000000	10.085510473
212.600000000	10.088742843
212.700000000	10.091927404
212.800000000	10.095063995
212.900000000	10.098152467
213.000000000	10.101192680
213.100000000	10.104184504
213.200000000	10.107127821
213.300000000	10.110022521
213.400000000	10.112868505
213.500000000	10.115665685
213.600000000	10.118413980
213.700000000	10.121113322
213.800000000	10.123763650
213.900000000	10.126364915
214.000000000	10.128917077
214.100000000	10.131420104
214.200000000	10.133873974
214.300000000	10.136278677
214.400000000	10.138634209
214.500000000	10.140940577
214.600000000	10.143197795
214.700000000	10.145405890
214.800000000	10.147564895
214.900000000	10.149674852
215.000000000	10.151735813
215.100000000	10.153747838
215.200000000	10.155710995
215.300000000	10.157625363
215.400000000	10.159491028
215.500000000	10.161308083
215.600000000	10.163076632
215.700000000	10.164796785
215.800000000	10.166468662
215.900000000	10.168092389
216.000000000	10.169668103
216.100000000	10.171195945
216.200000000	10.172676068
216.300000000	10.174108629
216.400000000	10.175493795
216.500000000	10.176831740
216.600000000	10.178122644
216.700000000	10.179366697
216.800000000	10.180564094
216.900000000	10.181715037
217.000000000	10.182819738
217.100000000	10.183878413
217.200000000	10.184891286
217.300000000	10.185858588
217.400000000	10.186780555
217.500000000	10.187657432
217.600000000	10.188489469
217.700000000	10.189276923
217.800000000	10.190020056
217.900000000	10.190719138
218.000000000	10.191374445
218.100000000	10.191986257
218.200000000	10.192554862
218.300000000	10.193080552
218.400000000	10.193563627
218.500000000	10.194004389
218.600000000	10.194403150
218.700000000	10.194760223
218.800000000	10.195075929
218.900000000	10.195350593
219.000000000	10.195584547
219.100000000	10.195778125
219.200000000	10.195931667
219.300000000	10.196045518
219.400000000	10.196120029
219.500000000	10.196155553
219.600000000	10.196152449
219.700000000	10.196111080
219.800000000	10.196031812
219.900000000	10.195915018
220.000000000	10.195761071
220.100000000	10.195570353
220.200000000	10.195343244
220.300000000	10.195080133
220.400000000	10.194781408
220.500000000	10.194447464
220.600000000	10.194078699
220.700000000	10.193675511
220.800000000	10.193238304
220.900000000	10.192767486
221.000000000	10.192263465
221.100000000	10.191726654
221.200000000	10.191157468
221.300000000	10.190556325
221.400000000	10.189923643
221.500000000	10.189259848
221.600000000	10.188565362
221.700000000	10.187840614
221.800000000	10.187086032
221.900000000	10.186302048
222.000000000	10.185489096
222.100000000	10.184647609
222.200000000	10.183778025
222.300000000	10.182880783
222.400000000	10.181956321
222.500000000	10.181005081
222.600000000	10.180027505
222.700000000	10.179024037
222.800000000	10.177995123
222.900000000	10.176941207
223.000000000	10.175862737
223.100000000	10.174760159
223.200000000	10.173633922
223.300000000	10.172484475
223.400000000	10.171312267
223.500000000	10.170117748
223.600000000	10.168901367
223.700000000	10.167663576
223.800000000	10.166404824
223.900000000	10.165125562
224.000000000	10.163826240
224.100000000	10.162507309
224.200000000	10.161169218
224.300000000	10.159812417
224.400000000	10.158437355
224.500000000	10.157044482
224.600000000	10.155634244
224.700000000	10.154207091
224.800000000	10.152763468
224.900000000	10.151303821
225.000000000	10.149828596
225.100000000	10.148338235
225.200000000	10.146833183
225.300000000	10.145313880
225.400000000	10.143780768
225.500000000	10.142234284
225.600000000	10.140674867
225.700000000	10.139102952
225.800000000	10.137518975
225.900000000	10.135923368
226.000000000	10.134316562
226.100000000	10.132698987
226.200000000	10.131071070
226.300000000	10.129433236
226.400000000	10.127785910
226.500000000	10.126129512
226.600000000	10.124464463
226.700000000	10.122791178
226.800000000	10.121110072
226.900000000	10.119421559
227.000000000	10.117726048
227.100000000	10.116023946
227.200000000	10.114315659
227.300000000	10.112601588
227.400000000	10.110882134
227.500000000	10.109157694
227.600000000	10.107428661
227.700000000	10.105695427
227.800000000	10.103958380
227.900000000	10.102217906
228.000000000	10.100474387
228.100000000	10.098728203
228.200000000	10.096979730
228.300000000	10.095229340
228.400000000	10.093477405
228.500000000	10.091724290
228.600000000	10.089970360
228.700000000	10.088215973
228.800000000	10.086461487
228.900000000	10.084707255
229.000000000	10.082953626
229.100000000	10.081200947
229.200000000	10.079449560
229.300000000	10.077699805
229.400000000	10.075952017
229.500000000	10.074206527
229.600000000	10.072463663
229.700000000	10.070723751
229.800000000	10.068987110
229.900000000	10.067254057
230.000000000	10.065524905
230.100000000	10.063799963
230.200000000	10.062079536
230.300000000	10.060363926
230.400000000	10.058653429
230.500000000	10.056948339
230.600000000	10.055248946
230.700000000	10.053555534
230.800000000	10.051868386
230.900000000	10.050187777
231.000000000	10.048513982
231.100000000	10.046847269
231.200000000	10.045187904
231.300000000	10.043536147
231.400000000	10.041892254
231.500000000	10.040256480
231.600000000	10.038629071
231.700000000	10.037010272
231.800000000	10.035400323
231.900000000	10.033799460
232.000000000	10.032207915
232.100000000	10.030625915
232.200000000	10.029053683
232.300000000	10.027491438
232.400000000	10.025939395
232.500000000	10.024397765
232.600000000	10.022866753
232.700000000	10.021346563
232.800000000	10.019837391
232.900000000	10.018339431
233.000000000	10.016852873
233.100000000	10.015377902
233.200000000	10.013914699
233.300000000	10.012463440
233.400000000	10.011024299
233.500000000	10.009597442
233.600000000	10.008183035
233.700000000	10.006781237
233.800000000	10.005392204
233.900000000	10.004016088
234.000000000	10.002653035
234.100000000	10.001303190
234.200000000	9.999966690
234.300000000	9.998643672
234.400000000	9.997334266
234.500000000	9.996038598
234.600000000	9.994756792
234.700000000	9.993488965
234.800000000	9.992235233
234.900000000	9.990995706
235.000000000	9.989770490
235.100000000	9.988559688
235.200000000	9.987363399
235.300000000	9.986181716
235.400000000	9.985014731
235.500000000	9.983862530
235.600000000	9.982725196
235.700000000	9.981602807
235.800000000	9.980495440
235.900000000	9.979403165
236.000000000	9.978326050
236.100000000	9.977264158
236.200000000	9.976217549
236.300000000	9.975186280
236.400000000	9.974170403
236.500000000	9.973169967
236.600000000	9.972185017
236.700000000	9.971215594
236.800000000	9.970261737
236.900000000	9.969323481
237.000000000	9.968400855
237.100000000	9.967493888
237.200000000	9.966602603
237.300000000	9.965727022
237.400000000	9.964867161
237.500000000	9.964023033
237.600000000	9.963194650
237.700000000	9.962382019
237.800000000	9.961585143
237.900000000	9.960804023
238.000000000	9.960038657
238.100000000	9.959289039
238.200000000	9.958555159
238.300000000	9.957837006
238.400000000	9.957134566
238.500000000	9.956447819
238.600000000	9.955776744
238.700000000	9.955121319
238.800000000	9.954481515
238.900000000	9.953857303
239.000000000	9.953248651
239.100000000	9.952655522
239.200000000	9.952077879
239.300000000	9.951515680
239.400000000	9.950968882
239.500000000	9.950437438
239.600000000	9.949921299
239.700000000	9.949420415
239.800000000	9.948934729
239.900000000	9.948464187
240.000000000	9.948008729
240.100000000	9.947568292
240.200000000	9.947142814
240.300000000	9.946732228
240.400000000	9.946336465
240.500000000	9.945955454
240.600000000	9.945589122
240.700000000	9.945237394
240.800000000	9.944900191
240.900000000	9.944577435
241.000000000	9.944269044
241.100000000	9.943974933
241.200000000	9.943695016
241.300000000	9.943429207
241.400000000	9.943177415
241.500000000	9.942939548
241.600000000	9.942715514
241.700000000	9.942505215
241.800000000	9.942308557
241.900000000	9.942125438
242.000000000	9.941955760
242.100000000	9.941799419
242.200000000	9.941656312
242.300000000	9.941526333
242.400000000	9.941409375
242.500000000	9.941305330
242.600000000	9.941214088
242.700000000	9.941135537
242.800000000	9.941069564
242.900000000	9.941016055
243.000000000	9.940974895
243.100000000	9.940945966
243.200000000	9.940929151
243.300000000	9.940924330
243.400000000	9.940931382
243.500000000	9.940950187
243.600000000	9.940980621
243.700000000	9.941022560
243.800000000	9.941075880
243.900000000	9.941140455
244.000000000	9.941216158
244.100000000	9.941302861
244.200000000	9.941400436
244.300000000	9.941508753
244.400000000	9.941627681
244.500000000	9.941757090
244.600000000	9.941896849
244.700000000	9.942046823
244.800000000	9.942206880
244.900000000	9.942376887
245.000000000	9.942556709
245.100000000	9.942746209
245.200000000	9.942945254
245.300000000	9.943153707
245.400000000	9.943371431
245.500000000	9.943598289
245.600000000	9.943834143
245.700000000	9.944078856
245.800000000	9.944332289
245.900000000	9.944594304
246.000000000	9.944864762
246.100000000	9.945143524
246.200000000	9.945430450
246.300000000	9.945725400
246.400000000	9.946028236
246.500000000	9.946338817
246.600000000	9.946657003
246.700000000	9.946982654
246.800000000	9.947315630
246.900000000	9.947655791
247.000000000	9.948002996
247.100000000	9.948357105
247.200000000	9.948717979
247.300000000	9.949085477
247.400000000	9.949459459
247.500000000	9.949839786
247.600000000	9.950226317
247.700000000	9.950618914
247.800000000	9.951017437
247.900000000	9.951421748
248.000000000	9.951831707
248.100000000	9.952247176
248.200000000	9.952668017
248.300000000	9.953094093
248.400000000	9.953525265
248.500000000	9.953961397
248.600000000	9.954402352
248.700000000	9.954847995
248.800000000	9.955298188
248.900000000	9.955752797
249.000000000	9.956211688
249.100000000	9.956674725
249.200000000	9.957141775
249.300000000	9.957612706
249.400000000	9.958087384
249.500000000	9.958565677
249.600000000	9.959047454
249.700000000	9.959532585
249.800000000	9.960020939
249.900000000	9.960512387
250.000000000	9.961006799
250.100000000	9.961504049
250.200000000	9.962004009
250.300000000	9.962506553
250.400000000	9.963011554
250.500000000	9.963518887
250.600000000	9.964028429
250.700000000	9.964540057
250.800000000	9.965053647
250.900000000	9.965569078
251.000000000	9.966086229
251.100000000	9.966604980
251.200000000	9.967125213
251.300000000	9.967646808
251.400000000	9.968169650
251.500000000	9.968693621
251.600000000	9.969218606
251.700000000	9.969744491
251.800000000	9.970271163
251.900000000	9.970798508
252.000000000	9.971326416
252.100000000	9.971854777
252.200000000	9.972383480
252.300000000	9.972912417
252.400000000	9.973441482
252.500000000	9.973970567
252.600000000	9.974499568
252.700000000	9.975028381
252.800000000	9.975556902
252.900000000	9.976085029
253.000000000	9.976612662
253.100000000	9.977139701
253.200000000	9.977666046
253.300000000	9.978191602
253.400000000	9.978716270
253.500000000	9.979239957
253.600000000	9.979762568
253.700000000	9.980284009
253.800000000	9.980804190
253.900000000	9.981323019
254.000000000	9.981840407
254.100000000	9.982356266
254.200000000	9.982870508
254.300000000	9.983383049
254.400000000	9.983893802
254.500000000	9.984402685
254.600000000	9.984909616
254.700000000	9.985414512
254.800000000	9.985917295
254.900000000	9.986417885
255.000000000	9.986916206
255.100000000	9.987412180
255.200000000	9.987905734
255.300000000	9.988396792
255.400000000	9.988885283
255.500000000	9.989371135
255.600000000	9.989854278
255.700000000	9.990334644
255.800000000	9.990812164
255.900000000	9.991286772
256.000000000	9.991758403
256.100000000	9.992226993
256.200000000	9.992692479
256.300000000	9.993154801
256.400000000	9.993613897
256.500000000	9.994069709
256.600000000	9.994522178
256.700000000	9.994971249
256.800000000	9.995416867
256.900000000	9.995858976
257.000000000	9.996297524
257.100000000	9.996732460
257.200000000	9.997163733
257.300000000	9.997591295
257.400000000	9.998015096
257.500000000	9.998435091
257.600000000	9.998851233
257.700000000	9.999263480
257.800000000	9.999671786
257.900000000	10.000076112
258.000000000	10.000476415
258.100000000	10.000872657
258.200000000	10.001264799
258.300000000	10.001652804
258.400000000	10.002036636
258.500000000	10.002416261
258.600000000	10.002791644
258.700000000	10.003162754
258.800000000	10.003529559
258.900000000	10.003892029
259.000000000	10.004250136
259.100000000	10.004603851
259.200000000	10.004953148
259.300000000	10.005298001
259.400000000	10.005638386
259.500000000	10.005974280
259.600000000	10.006305661
259.700000000	10.006632507
259.800000000	10.006954799
259.900000000	10.007272518
260.000000000	10.007585646
260.100000000	10.007894167
260.200000000	10.008198064
260.300000000	10.008497324
260.400000000	10.008791934
260.500000000	10.009081879
260.600000000	10.009367151
260.700000000	10.009647737
260.800000000	10.009923629
260.900000000	10.010194819
261.000000000	10.010461299
261.100000000	10.010723062
261.200000000	10.010980105
261.300000000	10.011232422
261.400000000	10.011480011
261.500000000	10.011722868
261.600000000	10.011960993
261.700000000	10.012194385
261.800000000	10.012423045
261.900000000	10.012646974
262.000000000	10.012866174
262.100000000	10.013080650
262.200000000	10.013290404
262.300000000	10.013495442
262.400000000	10.013695771
262.500000000	10.013891396
262.600000000	10.014082326
262.700000000	10.014268570
262.800000000	10.014450136
262.900000000	10.014627034
263.000000000	10.014799277
263.100000000	10.014966876
263.200000000	10.015129843
263.300000000	10.015288192
263.400000000	10.015441937
263.500000000	10.015591094
263.600000000	10.015735677
263.700000000	10.015875704
263.800000000	10.016011192
263.900000000	10.016142159
264.000000000	10.016268624
264.100000000	10.016390605
264.200000000	10.016508124
264.300000000	10.016621200
264.400000000	10.016729856
264.500000000	10.016834114
264.600000000	10.016933996
264.700000000	10.017029526
264.800000000	10.017120728
264.900000000	10.017207626
265.000000000	10.017290247
265.100000000	10.017368615
265.200000000	10.017442758
265.300000000	10.017512702
265.400000000	10.017578475
265.500000000	10.017640106
265.600000000	10.017697622
265.700000000	10.017751054
265.800000000	10.017800432
265.900000000	10.017845784
266.000000000	10.017887143
266.100000000	10.017924539
266.200000000	10.017958005
266.300000000	10.017987572
266.400000000	10.018013273
266.500000000	10.018035142
266.600000000	10.018053212
266.700000000	10.018067517
266.800000000	10.018078091
266.900000000	10.018084970
267.000000000	10.018088187
267.100000000	10.018087780
267.200000000	10.018083784
267.300000000	10.018076235
267.400000000	10.018065170
267.500000000	10.018050626
267.600000000	10.018032640
267.700000000	10.018011251
267.800000000	10.017986495
267.900000000	10.017958411
268.000000000	10.017927037
268.100000000	10.017892413
268.200000000	10.017854578
268.300000000	10.017813570
268.400000000	10.017769430
268.500000000	10.017722197
268.600000000	10.017671911
268.700000000	10.017618613
268.800000000	10.017562342
268.900000000	10.017503140
269.000000000	10.017441047
269.100000000	10.017376104
269.200000000	10.017308352
269.300000000	10.017237833
269.400000000	10.017164588
269.500000000	10.017088659
269.600000000	10.017010087
269.700000000	10.016928915
269.800000000	10.016845183
269.900000000	10.016758934
270.000000000	10.016670211
270.100000000	10.016579055
270.200000000	10.016485508
270.300000000	10.016389613
270.400000000	10.016291413
270.500000000	10.016190948
270.600000000	10.016088263
270.700000000	10.015983399
270.800000000	10.015876400
270.900000000	10.015767306
271.000000000	10.015656161
271.100000000	10.015543008
271.200000000	10.015427888
271.300000000	10.015310844
271.400000000	10.015191918
271.500000000	10.015071154
271.600000000	10.014948592
271.700000000	10.014824275
271.800000000	10.014698246
271.900000000	10.014570546
272.000000000	10.014441218
272.100000000	10.014310302
272.200000000	10.014177842
272.300000000	10.014043879
272.400000000	10.013908454
272.500000000	10.013771608
272.600000000	10.013633384
272.700000000	10.013493822
272.800000000	10.013352963
272.900000000	10.013210849
273.000000000	10.013067519
273.100000000	10.012923016
273.200000000	10.012777378
273.300000000	10.012630646
273.400000000	10.012482861
273.500000000	10.012334061
273.600000000	10.012184288
273.700000000	10.012033580
273.800000000	10.011881976
273.900000000	10.011729517
274.000000000	10.011576239
274.100000000	10.011422183
274.200000000	10.011267387
274.300000000	10.011111888
274.400000000	10.010955725
274.500000000	10.010798935
274.600000000	10.010641556
274.700000000	10.010483626
274.800000000	10.010325180
274.900000000	10.010166255
275.000000000	10.010006889
275.100000000	10.009847117
275.200000000	10.009686974
275.300000000	10.009526497
275.400000000	10.009365721
275.500000000	10.009204681
275.600000000	10.009043411
275.700000000	10.008881947
275.800000000	10.008720321
275.900000000	10.008558568
276.000000000	10.008396721
276.100000000	10.008234813
276.200000000	10.008072878
276.300000000	10.007910948
276.400000000	10.007749054
276.500000000	10.007587230
276.600000000	10.007425506
276.700000000	10.007263913
276.800000000	10.007102483
276.900000000	10.006941246
277.000000000	10.006780232
277.100000000	10.006619472
277.200000000	10.006458994
277.300000000	10.006298827
277.400000000	10.006139002
277.500000000	10.005979545
277.600000000	10.005820485
277.700000000	10.005661850
277.800000000	10.005503667
277.900000000	10.005345964
278.000000000	10.005188766
278.100000000	10.005032101
278.200000000	10.004875993
278.300000000	10.004720469
278.400000000	10.004565554
278.500000000	10.004411273
278.600000000	10.004257649
278.700000000	10.004104708
278.800000000	10.003952472
278.900000000	10.003800965
279.000000000	10.003650210
279.100000000	10.003500230
279.200000000	10.003351047
279.300000000	10.003202682
279.400000000	10.003055156
279.500000000	10.002908492
279.600000000	10.002762710
279.700000000	10.002617829
279.800000000	10.002473870
279.900000000	10.002330852
280.000000000	10.002188794
280.100000000	10.002047716
280.200000000	10.001907635
280.300000000	10.001768569
280.400000000	10.001630537
280.500000000	10.001493554
280.600000000	10.001357639
280.700000000	10.001222807
280.800000000	10.001089075
280.900000000	10.000956458
281.000000000	10.000824972
281.100000000	10.000694632
281.200000000	10.000565451
281.300000000	10.000437445
281.400000000	10.000310626
281.500000000	10.000185010
281.600000000	10.000060607
281.700000000	9.999937433
281.800000000	9.999815497
281.900000000	9.999694814
282.000000000	9.999575393
282.100000000	9.999457246
282.200000000	9.999340385
282.300000000	9.999224820
282.400000000	9.999110560
282.500000000	9.998997615
282.600000000	9.998885996
282.700000000	9.998775711
282.800000000	9.998666768
282.900000000	9.998559176
283.000000000	9.998452943
283.100000000	9.998348076
283.200000000	9.998244584
283.300000000	9.998142472
283.400000000	9.998041747
283.500000000	9.997942416
283.600000000	9.997844485
283.700000000	9.997747958
283.800000000	9.997652842
283.900000000	9.997559141
284.000000000	9.997466860
284.100000000	9.997376002
284.200000000	9.997286573
284.300000000	9.997198575
284.400000000	9.997112012
284.500000000	9.997026886
284.600000000	9.996943201
284.700000000	9.996860958
284.800000000	9.996780160
284.900000000	9.996700808
285.000000000	9.996622904
285.100000000	9.996546449
285.200000000	9.996471443
285.300000000	9.996397888
285.400000000	9.996325782
285.500000000	9.996255127
285.600000000	9.996185922
285.700000000	9.996118166
285.800000000	9.996051858
285.900000000	9.995986997
286.000000000	9.995923581
286.100000000	9.995861609
286.200000000	9.995801079
286.300000000	9.995741988
286.400000000	9.995684334
286.500000000	9.995628114
286.600000000	9.995573324
286.700000000	9.995519962
286.800000000	9.995468024
286.900000000	9.995417506
287.000000000	9.995368404
287.100000000	9.995320714
287.200000000	9.995274430
287.300000000	9.995229549
287.400000000	9.995186065
287.500000000	9.995143972
287.600000000	9.995103267
287.700000000	9.995063942
287.800000000	9.995025991
287.900000000	9.994989409
288.000000000	9.994954190
288.100000000	9.994920326
288.200000000	9.994887811
288.300000000	9.994856639
288.400000000	9.994826801
288.500000000	9.994798290
288.600000000	9.994771099
288.700000000	9.994745221
288.800000000	9.994720646
288.900000000	9.994697368
289.000000000	9.994675377
289.100000000	9.994654666
289.200000000	9.994635226
289.300000000	9.994617047
289.400000000	9.994600122
289.500000000	9.994584440
289.600000000	9.994569993
289.700000000	9.994556771
289.800000000	9.994544765
289.900000000	9.994533964
290.000000000	9.994524360
290.100000000	9.994515941
290.200000000	9.994508699
290.300000000	9.994502621
290.400000000	9.994497699
290.500000000	9.994493922
290.600000000	9.994491279
290.700000000	9.994489758
290.800000000	9.994489350
290.900000000	9.994490044
291.000000000	9.994491827
291.100000000	9.994494689
291.200000000	9.994498619
291.300000000	9.994503606
291.400000000	9.994509637
291.500000000	9.994516701
291.600000000	9.994524786
291.700000000	9.994533881
291.800000000	9.994543973
291.900000000	9.994555052
292.000000000	9.994567104
292.100000000	9.994580118
292.200000000	9.994594081
292.300000000	9.994608981
292.400000000	9.994624807
292.500000000	9.994641545
292.600000000	9.994659183
292.700000000	9.994677708
292.800000000	9.994697109
292.900000000	9.994717372
293.000000000	9.994738485
293.100000000	9.994760436
293.200000000	9.994783210
293.300000000	9.994806797
293.400000000	9.994831183
293.500000000	9.994856354
293.600000000	9.994882299
293.700000000	9.994909005
293.800000000	9.994936458
293.900000000	9.994964646
294.000000000	9.994993555
294.100000000	9.995023174
294.200000000	9.995053488
294.300000000	9.995084484
294.400000000	9.995116151
294.500000000	9.995148475
294.600000000	9.995181443
294.700000000	9.995215041
294.800000000	9.995249258
294.900000000	9.995284079
295.000000000	9.995319493
295.100000000	9.995355486
295.200000000	9.995392045
295.300000000	9.995429157
295.400000000	9.995466809
295.500000000	9.995504989
295.600000000	9.995543684
295.700000000	9.995582881
295.800000000	9.995622566
295.900000000	9.995662728
296.000000000	9.995703353
296.100000000	9.995744429
296.200000000	9.995785944
296.300000000	9.995827884
296.400000000	9.995870236
296.500000000	9.995912989
296.600000000	9.995956130
296.700000000	9.995999647
296.800000000	9.996043526
296.900000000	9.996087757
297.000000000	9.996132325
297.100000000	9.996177220
297.200000000	9.996222429
297.300000000	9.996267940
297.400000000	9.996313741
297.500000000	9.996359819
297.600000000	9.996406163
297.700000000	9.996452761
297.800000000	9.996499602
297.900000000	9.996546673
298.000000000	9.996593963
298.100000000	9.996641460
298.200000000	9.996689153
298.300000000	9.996737030
298.400000000	9.996785080
298.500000000	9.996833291
298.600000000	9.996881653
298.700000000	9.996930154
298.800000000	9.996978784
298.900000000	9.997027531
299.000000000	9.997076384
299.100000000	9.997125334
299.200000000	9.997174368
299.300000000	9.997223476
299.400000000	9.997272648
299.500000000	9.997321874
299.600000000	9.997371143
299.700000000	9.997420445
299.800000000	9.997469770
299.900000000	9.997519107
300.000000000	9.997568447
