a=0.0050  b1=0.0100  Dc=10.000 law=d k=0.001 Vo =1.000

-10.000	10.000000000
0.0000	10.000000000
0.000000050	10.000000000
0.000000100	10.000000000
0.010000100	9.999909488
0.020000100	9.999635890
0.030000100	9.999176077
0.040000100	9.998526876
0.050000100	9.997685064
0.060000100	9.996647376
0.070000100	9.995410497
0.080000100	9.993971064
0.090000100	9.992325669
0.100000100	9.990470854
0.110000100	9.988403113
0.120000100	9.986118890
0.130000100	9.983614583
0.140000100	9.980886537
0.150000100	9.977931052
0.160000100	9.974744374
0.170000100	9.971322702
0.180000100	9.967662183
0.190000100	9.963758915
0.200000100	9.959608945
0.210000100	9.955208270
0.220000100	9.950552834
0.230000100	9.945638535
0.240000100	9.940461215
0.250000100	9.935016670
0.260000100	9.929300641
0.270000100	9.923308822
0.280000100	9.917036853
0.290000100	9.910480327
0.300000100	9.903634783
0.310000100	9.896495714
0.320000100	9.889058559
0.330000100	9.881318711
0.340000100	9.873271511
0.350000100	9.864912252
0.360000100	9.856236179
0.370000100	9.847238489
0.380000100	9.837914331
0.390000100	9.828258806
0.400000100	9.818266971
0.410000100	9.807933835
0.420000100	9.797254365
0.430000100	9.786223481
0.440000100	9.774836060
0.450000100	9.763086939
0.460000100	9.750970912
0.470000100	9.738482732
0.480000100	9.725617114
0.490000100	9.712368737
0.500000100	9.698732239
0.510000100	9.684702226
0.520000100	9.670273270
0.530000100	9.655439910
0.540000100	9.640196655
0.550000100	9.624537984
0.560000100	9.608458352
0.570000100	9.591952185
0.580000100	9.575013888
0.590000100	9.557637847
0.600000100	9.539818425
0.610000100	9.521549973
0.620000100	9.502826824
0.630000100	9.483643305
0.640000100	9.463993728
0.650000100	9.443872405
0.660000100	9.423273642
0.670000100	9.402191746
0.680000100	9.380621028
0.690000100	9.358555804
0.700000100	9.335990402
0.710000100	9.312919163
0.720000100	9.289336447
0.730000100	9.265236632
0.740000100	9.240614127
0.750000100	9.215463365
0.760000100	9.189778816
0.770000100	9.163554989
0.780000100	9.136786435
0.790000100	9.109467753
0.800000100	9.081593597
0.810000100	9.053158675
0.820000100	9.024157764
0.830000100	8.994585706
0.840000100	8.964437418
0.850000100	8.933707899
0.860000100	8.902392235
0.870000100	8.870485601
0.880000100	8.837983275
0.890000100	8.804880639
0.900000100	8.771173188
0.910000100	8.736856534
0.920000100	8.701926418
0.930000100	8.666378713
0.940000100	8.630209434
0.950000100	8.593414743
0.960000100	8.555990959
0.970000100	8.517934566
0.980000100	8.479242220
0.990000100	8.439910757
1.000000100	8.399937203
1.010000100	8.359318781
1.020000100	8.318052923
1.030000100	8.276137272
1.040000100	8.233569699
1.050000100	8.190348309
1.060000100	8.146471447
1.070000100	8.101937715
1.080000100	8.056745972
1.090000100	8.010895355
1.100000100	7.964385277
1.110000100	7.917215446
1.120000100	7.869385872
1.130000100	7.820896875
1.140000100	7.771749097
1.150000100	7.721943514
1.160000100	7.671481444
1.170000100	7.620364555
1.180000100	7.568594880
1.190000100	7.516174825
1.200000100	7.463107180
1.210000100	7.409395126
1.220000100	7.355042249
1.230000100	7.300052550
1.240000100	7.244430451
1.250000100	7.188180809
1.260000100	7.131308922
1.270000100	7.073820543
1.280000100	7.015721885
1.290000100	6.957019632
1.298311496	6.907775679
1.310000100	6.837833481
1.320000100	6.777365381
1.330000100	6.716325300
1.340000100	6.654722399
1.350000100	6.592566360
1.360000100	6.529867390
1.370000100	6.466636226
1.380000100	6.402884143
1.390000100	6.338622959
1.400000100	6.273865037
1.410000100	6.208623293
1.420000100	6.142911195
1.430000100	6.076742770
1.440000100	6.010132601
1.450000100	5.943095835
1.460000100	5.875648175
1.470000100	5.807805887
1.480000100	5.739585796
1.490000100	5.671005282
1.500000100	5.602082280
1.510000100	5.532835275
1.520000100	5.463283294
1.530000100	5.393445906
1.540000100	5.323343209
1.550000100	5.252995825
1.560000100	5.182424891
1.570000100	5.111652046
1.580000100	5.040699422
1.590000100	4.969589628
1.600000100	4.898345740
1.610000100	4.826991282
1.620000100	4.755550211
1.630000100	4.684046900
1.640000100	4.612506117
1.650000100	4.540953006
1.660000100	4.469413063
1.670000100	4.397912118
1.680000100	4.326476303
1.690000100	4.255132034
1.700000100	4.183905980
1.710000100	4.112825034
1.720000100	4.041916288
1.730000100	3.971206996
1.740000100	3.900724549
1.750000100	3.830496438
1.760000100	3.760550222
1.770000100	3.690913489
1.780000100	3.621613826
1.790000100	3.552678778
1.800000100	3.484135812
1.810000100	3.416012276
1.820000100	3.348335363
1.830000100	3.281132069
1.840000100	3.214429152
1.850000100	3.148253095
1.860000100	3.082630059
1.870000100	3.017585845
1.880000100	2.953145854
1.890000100	2.889335042
1.900000100	2.826177879
1.910000100	2.763698311
1.920000100	2.701919715
1.930000100	2.640864861
1.940000100	2.580555874
1.950000100	2.521014191
1.960000100	2.462260526
1.970000100	2.404314832
1.980000100	2.347196266
1.990000100	2.290923154
2.000000100	2.235512960
2.010000100	2.180982252
2.020000100	2.127346674
2.030000100	2.074620918
2.040000100	2.022818701
2.050000100	1.971952739
2.060000100	1.922034724
2.070000100	1.873075311
2.080000100	1.825084097
2.090000100	1.778069610
2.100000100	1.732039297
2.110000100	1.686999516
2.120000100	1.642955530
2.130000100	1.599911506
2.140000100	1.557870513
2.150000100	1.516834530
2.160000100	1.476804444
2.170000100	1.437780069
2.180000100	1.399760150
2.190000100	1.362742384
2.200000100	1.326723431
2.210000100	1.291698944
2.220000100	1.257663583
2.230000100	1.224611047
2.240000100	1.192534100
2.250000100	1.161424602
2.260000100	1.131273542
2.270000100	1.102071076
2.280000100	1.073806559
2.290000100	1.046468589
2.300000100	1.020045044
2.310000100	0.994523126
2.320000100	0.969889403
2.330000100	0.946129855
2.340000100	0.923229916
2.350000100	0.901174523
2.360000100	0.879948158
2.370000100	0.859534898
2.380000100	0.839918460
2.390000100	0.821082246
2.400000100	0.803009386
2.410000100	0.785682790
2.420000100	0.769085182
2.430000100	0.753199153
2.440000100	0.738007194
2.450000100	0.723491741
2.460000100	0.709635214
2.470000100	0.696420052
2.480000100	0.683828750
2.490000100	0.671843890
2.500000100	0.660448179
2.510000100	0.649624471
2.520000100	0.639355800
2.530000100	0.629625403
2.540000100	0.620416748
2.550000100	0.611713548
2.560000100	0.603499789
2.570000100	0.595759740
2.580000100	0.588477973
2.590000100	0.581639378
2.600000100	0.575229168
2.610000100	0.569232896
2.620000100	0.563636458
2.630000100	0.558426102
2.640000100	0.553588434
2.650000100	0.549110416
2.660000100	0.544979376
2.670000100	0.541183000
2.680000100	0.537709339
2.690000100	0.534546801
2.700000100	0.531684155
2.710000100	0.529110520
2.720000100	0.526815368
2.730000100	0.524788513
2.740000100	0.523020109
2.750000100	0.521500642
2.760000100	0.520220923
2.770000100	0.519172083
2.780000100	0.518345561
2.790000100	0.517733103
2.800000100	0.517326747
2.810000100	0.517118818
2.820000100	0.517101922
2.830000100	0.517268931
2.840000100	0.517612984
2.850000100	0.518127468
2.860000100	0.518806018
2.870000100	0.519642506
2.880000100	0.520631031
2.890000100	0.521765913
2.900000100	0.523041685
2.910000100	0.524453083
2.920000100	0.525995043
2.930000100	0.527662687
2.940000100	0.529451323
2.950000100	0.531356432
2.960000100	0.533373665
2.970000100	0.535498833
2.980000100	0.537727905
2.990000100	0.540056998
3.000000100	0.542482371
3.010000100	0.545000422
3.020000100	0.547607681
3.030000100	0.550300803
3.040000100	0.553076567
3.050000100	0.555931864
3.060000100	0.558863700
3.070000100	0.561869187
3.080000100	0.564945538
3.090000100	0.568090066
3.100000100	0.571300176
3.110000100	0.574573366
3.120000100	0.577907217
3.130000100	0.581299394
3.140000100	0.584747644
3.150000100	0.588249785
3.160000100	0.591803713
3.170000100	0.595407389
3.180000100	0.599058844
3.190000100	0.602756173
3.200000100	0.606497531
3.210000100	0.610281133
3.220000100	0.614105251
3.230000100	0.617968209
3.240000100	0.621868384
3.250000100	0.625804206
3.260000100	0.629774147
3.270000100	0.633776729
3.280000100	0.637810518
3.290000100	0.641874119
3.300000100	0.645966181
3.310000100	0.650085390
3.320000100	0.654230470
3.330000100	0.658400180
3.340000100	0.662593315
3.350000100	0.666808702
3.360000100	0.671045199
3.370000100	0.675301695
3.380000100	0.679577110
3.390000100	0.683870391
3.400000100	0.688180511
3.410000100	0.692506469
3.420000100	0.696847292
3.430000100	0.701202028
3.440000100	0.705569749
3.450000100	0.709949550
3.460000100	0.714340547
3.470000100	0.718741875
3.480000100	0.723152692
3.490000100	0.727572173
3.500000100	0.731999512
3.510000100	0.736433919
3.520000100	0.740874625
3.530000100	0.745320873
3.540000100	0.749771926
3.550000100	0.754227058
3.560000100	0.758685561
3.570000100	0.763146741
3.580000100	0.767609916
3.590000100	0.772074417
3.600000100	0.776539591
3.610000100	0.781004793
3.620000100	0.785469393
3.630000100	0.789932772
3.640000100	0.794394320
3.650000100	0.798853440
3.660000100	0.803309545
3.670000100	0.807762056
3.680000100	0.812210407
3.690000100	0.816654038
3.700000100	0.821092400
3.710000100	0.825524952
3.720000100	0.829951162
3.730000100	0.834370506
3.740000100	0.838782467
3.750000100	0.843186538
3.760000100	0.847582216
3.770000100	0.851969008
3.780000100	0.856346427
3.790000100	0.860713992
3.800000100	0.865071231
3.810000100	0.869417675
3.820000100	0.873752864
3.830000100	0.878076343
3.840000100	0.882387662
3.850000100	0.886686378
3.860000100	0.890972053
3.870000100	0.895244254
3.880000100	0.899502553
3.890000100	0.903746529
3.900000100	0.907975764
3.910000100	0.912189845
3.920000100	0.916388365
3.930000100	0.920570920
3.940000100	0.924737112
3.950000100	0.928886546
3.960000100	0.933018832
3.970000100	0.937133584
3.980000100	0.941230420
3.990000100	0.945308963
4.000000100	0.949368839
4.010000100	0.953409678
4.020000100	0.957431113
4.030000100	0.961432782
4.040000100	0.965414327
4.050000100	0.969375392
4.060000100	0.973315626
4.070000100	0.977234679
4.080000100	0.981132209
4.090000100	0.985007872
4.100000100	0.988861332
4.110000100	0.992692253
4.120000100	0.996500304
4.130000100	1.000285156
4.140000100	1.004046485
4.150000100	1.007783969
4.160000100	1.011497289
4.170000100	1.015186130
4.180000100	1.018850178
4.190000100	1.022489124
4.200000100	1.026102663
4.210000100	1.029690490
4.220000100	1.033252305
4.230000100	1.036787811
4.240000100	1.040296714
4.250000100	1.043778723
4.260000100	1.047233548
4.270000100	1.050660905
4.280000100	1.054060511
4.290000100	1.057432088
4.300000100	1.060775359
4.310000100	1.064090050
4.320000100	1.067375892
4.330000100	1.070632617
4.340000100	1.073859962
4.350000100	1.077057665
4.360000100	1.080225467
4.370000100	1.083363115
4.380000100	1.086470357
4.390000100	1.089546943
4.400000100	1.092592629
4.410000100	1.095607172
4.420000100	1.098590333
4.430000100	1.101541876
4.440000100	1.104461568
4.450000100	1.107349181
4.460000100	1.110204487
4.470000100	1.113027265
4.480000100	1.115817295
4.490000100	1.118574361
4.500000100	1.121298251
4.510000100	1.123988755
4.520000100	1.126645669
4.530000100	1.129268790
4.540000100	1.131857920
4.550000100	1.134412864
4.560000100	1.136933431
4.570000100	1.139419435
4.580000100	1.141870690
4.590000100	1.144287018
4.600000100	1.146668242
4.610000100	1.149014191
4.620000100	1.151324696
4.630000100	1.153599593
4.640000100	1.155838722
4.650000100	1.158041927
4.660000100	1.160209055
4.670000100	1.162339960
4.680000100	1.164434496
4.690000100	1.166492526
4.700000100	1.168513913
4.710000100	1.170498527
4.720000100	1.172446242
4.730000100	1.174356936
4.740000100	1.176230491
4.750000100	1.178066795
4.760000100	1.179865739
4.770000100	1.181627219
4.780000100	1.183351138
4.790000100	1.185037400
4.800000100	1.186685916
4.810000100	1.188296602
4.820000100	1.189869377
4.830000100	1.191404169
4.840000100	1.192900906
4.850000100	1.194359524
4.860000100	1.195779964
4.870000100	1.197162171
4.880000100	1.198506096
4.890000100	1.199811695
4.900000100	1.201078929
4.910000100	1.202307766
4.920000100	1.203498176
4.930000100	1.204650139
4.940000100	1.205763635
4.950000100	1.206838655
4.960000100	1.207875192
4.970000100	1.208873245
4.980000100	1.209832820
4.990000100	1.210753928
5.000000100	1.211636586
5.010000100	1.212480815
5.020000100	1.213286645
5.030000100	1.214054109
5.040000100	1.214783246
5.050000100	1.215474104
5.060000100	1.216126734
5.070000100	1.216741193
5.080000100	1.217317545
5.090000100	1.217855860
5.100000100	1.218356213
5.110000100	1.218818688
5.120000100	1.219243371
5.130000100	1.219630357
5.140000100	1.219979746
5.150000100	1.220291644
5.160000100	1.220566165
5.170000100	1.220803426
5.180000100	1.221003554
5.190000100	1.221166678
5.200000100	1.221292938
5.210000100	1.221382476
5.220000100	1.221435443
5.230000100	1.221451995
5.240000100	1.221432294
5.250000100	1.221376509
5.260000100	1.221284815
5.270000100	1.221157394
5.280000100	1.220994433
5.290000100	1.220796126
5.300000100	1.220562673
5.310000100	1.220294279
5.320000100	1.219991159
5.330000100	1.219653529
5.340000100	1.219281615
5.350000100	1.218875648
5.360000100	1.218435864
5.370000100	1.217962508
5.380000100	1.217455827
5.390000100	1.216916078
5.400000100	1.216343521
5.410000100	1.215738423
5.420000100	1.215101057
5.430000100	1.214431703
5.440000100	1.213730645
5.450000100	1.212998173
5.460000100	1.212234583
5.470000100	1.211440178
5.480000100	1.210615265
5.490000100	1.209760157
5.500000100	1.208875171
5.510000100	1.207960633
5.520000100	1.207016872
5.530000100	1.206044222
5.540000100	1.205043022
5.550000100	1.204013618
5.560000100	1.202956360
5.570000100	1.201871602
5.580000100	1.200759705
5.590000100	1.199621033
5.600000100	1.198455956
5.610000100	1.197264847
5.620000100	1.196048086
5.630000100	1.194806055
5.640000100	1.193539142
5.650000100	1.192247738
5.660000100	1.190932240
5.670000100	1.189593047
5.680000100	1.188230563
5.690000100	1.186845196
5.700000100	1.185437358
5.710000100	1.184007462
5.720000100	1.182555928
5.730000100	1.181083179
5.740000100	1.179589638
5.750000100	1.178075734
5.760000100	1.176541899
5.770000100	1.174988567
5.780000100	1.173416175
5.790000100	1.171825163
5.800000100	1.170215973
5.810000100	1.168589049
5.820000100	1.166944839
5.830000100	1.165283791
5.840000100	1.163606357
5.850000100	1.161912989
5.860000100	1.160204141
5.870000100	1.158480271
5.880000100	1.156741835
5.890000100	1.154989293
5.900000100	1.153223104
5.910000100	1.151443730
5.920000100	1.149651632
5.930000100	1.147847273
5.940000100	1.146031117
5.950000100	1.144203627
5.960000100	1.142365267
5.970000100	1.140516501
5.980000100	1.138657794
5.990000100	1.136789610
6.000000100	1.134912412
6.010000100	1.133026663
6.020000100	1.131132828
6.030000100	1.129231367
6.040000100	1.127322743
6.050000100	1.125407414
6.060000100	1.123485842
6.070000100	1.121558483
6.080000100	1.119625793
6.090000100	1.117688229
6.100000100	1.115746243
6.110000100	1.113800286
6.120000100	1.111850809
6.130000100	1.109898258
6.140000100	1.107943078
6.150000100	1.105985713
6.160000100	1.104026602
6.170000100	1.102066184
6.180000100	1.100104893
6.190000100	1.098143161
6.200000100	1.096181418
6.210000100	1.094220088
6.220000100	1.092259596
6.230000100	1.090300359
6.240000100	1.088342795
6.250000100	1.086387314
6.260000100	1.084434326
6.270000100	1.082484236
6.280000100	1.080537444
6.290000100	1.078594346
6.300000100	1.076655336
6.310000100	1.074720801
6.320000100	1.072791127
6.330000100	1.070866692
6.340000100	1.068947871
6.350000100	1.067035035
6.360000100	1.065128550
6.370000100	1.063228777
6.380000100	1.061336072
6.390000100	1.059450785
6.400000100	1.057573264
6.410000100	1.055703849
6.420000100	1.053842876
6.430000100	1.051990676
6.440000100	1.050147574
6.450000100	1.048313890
6.460000100	1.046489939
6.470000100	1.044676030
6.480000100	1.042872466
6.490000100	1.041079546
6.500000100	1.039297562
6.510000100	1.037526801
6.520000100	1.035767543
6.530000100	1.034020064
6.540000100	1.032284634
6.550000100	1.030561515
6.560000100	1.028850967
6.570000100	1.027153241
6.580000100	1.025468583
6.590000100	1.023797234
6.600000100	1.022139427
6.610000100	1.020495391
6.620000100	1.018865348
6.630000100	1.017249515
6.640000100	1.015648103
6.650000100	1.014061315
6.660000100	1.012489350
6.670000100	1.010932401
6.680000100	1.009390655
6.690000100	1.007864291
6.700000100	1.006353486
6.710000100	1.004858407
6.720000100	1.003379217
6.730000100	1.001916073
6.740000100	1.000469127
6.750000100	0.999038524
6.760000100	0.997624403
6.770000100	0.996226897
6.780000100	0.994846135
6.790000100	0.993482238
6.800000100	0.992135323
6.810000100	0.990805501
6.820000100	0.989492876
6.830000100	0.988197549
6.840000100	0.986919612
6.850000100	0.985659155
6.860000100	0.984416260
6.870000100	0.983191004
6.880000100	0.981983460
6.890000100	0.980793695
6.900000100	0.979621770
6.910000100	0.978467741
6.920000100	0.977331660
6.930000100	0.976213572
6.940000100	0.975113518
6.950000100	0.974031535
6.960000100	0.972967652
6.970000100	0.971921897
6.980000100	0.970894291
6.990000100	0.969884849
7.000000100	0.968893585
7.010000100	0.967920504
7.020000100	0.966965610
7.030000100	0.966028900
7.040000100	0.965110369
7.050000100	0.964210006
7.060000100	0.963327795
7.070000100	0.962463717
7.080000100	0.961617749
7.090000100	0.960789863
7.100000100	0.959980028
7.110000100	0.959188209
7.120000100	0.958414365
7.130000100	0.957658453
7.140000100	0.956920427
7.150000100	0.956200235
7.160000100	0.955497824
7.170000100	0.954813136
7.180000100	0.954146108
7.190000100	0.953496677
7.200000100	0.952864775
7.210000100	0.952250329
7.220000100	0.951653266
7.230000100	0.951073508
7.240000100	0.950510974
7.250000100	0.949965581
7.260000100	0.949437241
7.270000100	0.948925866
7.280000100	0.948431363
7.290000100	0.947953638
7.300000100	0.947492592
7.310000100	0.947048126
7.320000100	0.946620136
7.330000100	0.946208519
7.340000100	0.945813167
7.350000100	0.945433969
7.360000100	0.945070814
7.370000100	0.944723587
7.380000100	0.944392173
7.390000100	0.944076453
7.400000100	0.943776307
7.410000100	0.943491613
7.420000100	0.943222246
7.430000100	0.942968081
7.440000100	0.942728990
7.450000100	0.942504844
7.460000100	0.942295512
7.470000100	0.942100861
7.480000100	0.941920758
7.490000100	0.941755067
7.500000100	0.941603652
7.510000100	0.941466374
7.520000100	0.941343094
7.530000100	0.941233672
7.540000100	0.941137965
7.550000100	0.941055831
7.560000100	0.940987125
7.570000100	0.940931704
7.580000100	0.940889420
7.590000100	0.940860128
7.600000100	0.940843679
7.610000100	0.940839925
7.620000100	0.940848717
7.630000100	0.940869905
7.640000100	0.940903338
7.650000100	0.940948864
7.660000100	0.941006333
7.670000100	0.941075591
7.680000100	0.941156485
7.690000100	0.941248863
7.700000100	0.941352571
7.710000100	0.941467454
7.720000100	0.941593357
7.730000100	0.941730127
7.740000100	0.941877608
7.750000100	0.942035645
7.760000100	0.942204083
7.770000100	0.942382765
7.780000100	0.942571536
7.790000100	0.942770241
7.800000100	0.942978724
7.810000100	0.943196829
7.820000100	0.943424400
7.830000100	0.943661281
7.840000100	0.943907318
7.850000100	0.944162353
7.860000100	0.944426233
7.870000100	0.944698802
7.880000100	0.944979905
7.890000100	0.945269387
7.900000100	0.945567094
7.910000100	0.945872872
7.920000100	0.946186566
7.930000100	0.946508025
7.940000100	0.946837094
7.950000100	0.947173620
7.960000100	0.947517452
7.970000100	0.947868438
7.980000100	0.948226426
7.990000100	0.948591265
8.000000100	0.948962806
8.010000100	0.949340898
8.020000100	0.949725392
8.030000100	0.950116139
8.040000100	0.950512992
8.050000100	0.950915802
8.060000100	0.951324424
8.070000100	0.951738710
8.080000100	0.952158516
8.090000100	0.952583697
8.100000100	0.953014108
8.110000100	0.953449605
8.120000100	0.953890048
8.130000100	0.954335293
8.140000100	0.954785199
8.150000100	0.955239626
8.160000100	0.955698435
8.170000100	0.956161487
8.180000100	0.956628644
8.190000100	0.957099769
8.200000100	0.957574725
8.210000100	0.958053378
8.220000100	0.958535593
8.230000100	0.959021237
8.240000100	0.959510176
8.250000100	0.960002280
8.260000100	0.960497416
8.270000100	0.960995457
8.280000100	0.961496271
8.290000100	0.961999733
8.300000100	0.962505714
8.310000100	0.963014088
8.320000100	0.963524731
8.330000100	0.964037519
8.340000100	0.964552328
8.350000100	0.965069037
8.360000100	0.965587524
8.370000100	0.966107670
8.380000100	0.966629356
8.390000100	0.967152463
8.400000100	0.967676875
8.410000100	0.968202477
8.420000100	0.968729152
8.430000100	0.969256789
8.440000100	0.969785273
8.450000100	0.970314495
8.460000100	0.970844342
8.470000100	0.971374707
8.480000100	0.971905480
8.490000100	0.972436555
8.500000100	0.972967826
8.510000100	0.973499187
8.520000100	0.974030535
8.530000100	0.974561768
8.540000100	0.975092783
8.550000100	0.975623480
8.560000100	0.976153760
8.570000100	0.976683525
8.580000100	0.977212678
8.590000100	0.977741123
8.600000100	0.978268765
8.610000100	0.978795511
8.620000100	0.979321267
8.630000100	0.979845944
8.640000100	0.980369450
8.650000100	0.980891697
8.660000100	0.981412597
8.670000100	0.981932063
8.680000100	0.982450010
8.690000100	0.982966353
8.700000100	0.983481009
8.710000100	0.983993896
8.720000100	0.984504933
8.730000100	0.985014040
8.740000100	0.985521140
8.750000100	0.986026154
8.760000100	0.986529007
8.770000100	0.987029622
8.780000100	0.987527928
8.790000100	0.988023849
8.800000100	0.988517316
8.810000100	0.989008258
8.820000100	0.989496605
8.830000100	0.989982289
8.840000100	0.990465244
8.850000100	0.990945404
8.860000100	0.991422704
8.870000100	0.991897081
8.880000100	0.992368473
8.890000100	0.992836817
8.900000100	0.993302056
8.910000100	0.993764129
8.920000100	0.994222979
8.930000100	0.994678549
8.940000100	0.995130785
8.950000100	0.995579632
8.960000100	0.996025037
8.970000100	0.996466948
8.980000100	0.996905315
8.990000100	0.997340087
9.000000100	0.997771216
9.010000100	0.998198655
9.020000100	0.998622358
9.030000100	0.999042279
9.040000100	0.999458375
9.050000100	0.999870603
9.060000100	1.000278920
9.070000100	1.000683287
9.080000100	1.001083664
9.090000100	1.001480012
9.100000100	1.001872294
9.110000100	1.002260474
9.120000100	1.002644516
9.130000100	1.003024387
9.140000100	1.003400054
9.150000100	1.003771485
9.160000100	1.004138649
9.170000100	1.004501517
9.180000100	1.004860059
9.190000100	1.005214248
9.200000100	1.005564058
9.210000100	1.005909463
9.220000100	1.006250439
9.230000100	1.006586963
9.240000100	1.006919011
9.250000100	1.007246563
9.260000100	1.007569599
9.270000100	1.007888099
9.280000100	1.008202045
9.290000100	1.008511419
9.300000100	1.008816207
9.310000100	1.009116391
9.320000100	1.009411959
9.330000100	1.009702897
9.340000100	1.009989192
9.350000100	1.010270834
9.360000100	1.010547812
9.370000100	1.010820117
9.380000100	1.011087740
9.390000100	1.011350674
9.400000100	1.011608912
9.410000100	1.011862449
9.420000100	1.012111281
9.430000100	1.012355403
9.440000100	1.012594812
9.450000100	1.012829508
9.460000100	1.013059489
9.470000100	1.013284754
9.480000100	1.013505305
9.490000100	1.013721143
9.500000100	1.013932271
9.510000100	1.014138692
9.520000100	1.014340411
9.530000100	1.014537432
9.540000100	1.014729762
9.550000100	1.014917407
9.560000100	1.015100375
9.570000100	1.015278674
9.580000100	1.015452314
9.590000100	1.015621305
9.600000100	1.015785657
9.610000100	1.015945382
9.620000100	1.016100492
9.630000100	1.016251001
9.640000100	1.016396923
9.650000100	1.016538271
9.660000100	1.016675062
9.670000100	1.016807311
9.680000100	1.016935036
9.690000100	1.017058254
9.700000100	1.017176983
9.710000100	1.017291242
9.720000100	1.017401051
9.730000100	1.017506430
9.740000100	1.017607400
9.750000100	1.017703982
9.760000100	1.017796200
9.770000100	1.017884075
9.780000100	1.017967632
9.790000100	1.018046894
9.800000100	1.018121886
9.810000100	1.018192634
9.820000100	1.018259164
9.830000100	1.018321502
9.840000100	1.018379675
9.850000100	1.018433711
9.860000100	1.018483638
9.870000100	1.018529485
9.880000100	1.018571281
9.890000100	1.018609056
9.900000100	1.018642841
9.910000100	1.018672666
9.920000100	1.018698562
9.930000100	1.018720561
9.940000100	1.018738696
9.950000100	1.018753000
9.960000100	1.018763505
9.970000100	1.018770245
9.980000100	1.018773254
9.990000100	1.018772567
10.000000100	1.018768218
10.010000100	1.018760243
10.020000100	1.018748678
10.030000100	1.018733558
10.040000100	1.018714921
10.050000100	1.018692802
10.060000100	1.018667239
10.070000100	1.018638270
10.080000100	1.018605932
10.090000100	1.018570263
10.100000100	1.018531302
10.110000100	1.018489088
10.120000100	1.018443659
10.130000100	1.018395056
10.140000100	1.018343317
10.150000100	1.018288482
10.160000100	1.018230592
10.170000100	1.018169686
10.180000100	1.018105806
10.190000100	1.018038992
10.200000100	1.017969285
10.210000100	1.017896726
10.220000100	1.017821357
10.230000100	1.017743219
10.240000100	1.017662355
10.250000100	1.017578805
10.260000100	1.017492611
10.270000100	1.017403817
10.280000100	1.017312465
10.290000100	1.017218596
10.300000100	1.017122253
10.310000100	1.017023479
10.320000100	1.016922317
10.330000100	1.016818810
10.340000100	1.016712999
10.350000100	1.016604930
10.360000100	1.016494643
10.370000100	1.016382183
10.380000100	1.016267592
10.390000100	1.016150914
10.400000100	1.016032192
10.410000100	1.015911469
10.420000100	1.015788787
10.430000100	1.015664191
10.440000100	1.015537723
10.450000100	1.015409427
10.460000100	1.015279345
10.470000100	1.015147520
10.480000100	1.015013996
10.490000100	1.014878815
10.500000100	1.014742021
10.510000100	1.014603655
10.520000100	1.014463761
10.530000100	1.014322382
10.540000100	1.014179559
10.550000100	1.014035335
10.560000100	1.013889753
10.570000100	1.013742854
10.580000100	1.013594681
10.590000100	1.013445276
10.600000100	1.013294679
10.610000100	1.013142933
10.620000100	1.012990080
10.630000100	1.012836160
10.640000100	1.012681214
10.650000100	1.012525284
10.660000100	1.012368410
10.670000100	1.012210632
10.680000100	1.012051992
10.690000100	1.011892529
10.700000100	1.011732282
10.710000100	1.011571292
10.720000100	1.011409598
10.730000100	1.011247240
10.740000100	1.011084255
10.750000100	1.010920684
10.760000100	1.010756564
10.770000100	1.010591934
10.780000100	1.010426831
10.790000100	1.010261293
10.800000100	1.010095358
10.810000100	1.009929063
10.820000100	1.009762445
10.830000100	1.009595540
10.840000100	1.009428384
10.850000100	1.009261014
10.860000100	1.009093465
10.870000100	1.008925772
10.880000100	1.008757971
10.890000100	1.008590096
10.900000100	1.008422182
10.910000100	1.008254262
10.920000100	1.008086371
10.930000100	1.007918542
10.940000100	1.007750807
10.950000100	1.007583201
10.960000100	1.007415754
10.970000100	1.007248500
10.980000100	1.007081470
10.990000100	1.006914694
11.000000100	1.006748205
11.010000100	1.006582033
11.020000100	1.006416207
11.030000100	1.006250759
11.040000100	1.006085717
11.050000100	1.005921110
11.060000100	1.005756968
11.070000100	1.005593319
11.080000100	1.005430190
11.090000100	1.005267610
11.100000100	1.005105605
11.110000100	1.004944203
11.120000100	1.004783430
11.130000100	1.004623312
11.140000100	1.004463874
11.150000100	1.004305143
11.160000100	1.004147142
11.170000100	1.003989897
11.180000100	1.003833432
11.190000100	1.003677770
11.200000100	1.003522934
11.210000100	1.003368948
11.220000100	1.003215834
11.230000100	1.003063614
11.240000100	1.002912310
11.250000100	1.002761943
11.260000100	1.002612534
11.270000100	1.002464103
11.280000100	1.002316671
11.290000100	1.002170258
11.300000100	1.002024882
11.310000100	1.001880563
11.320000100	1.001737318
11.330000100	1.001595167
11.340000100	1.001454126
11.350000100	1.001314213
11.360000100	1.001175445
11.370000100	1.001037838
11.380000100	1.000901409
11.390000100	1.000766172
11.400000100	1.000632144
11.410000100	1.000499339
11.420000100	1.000367771
11.430000100	1.000237455
11.440000100	1.000108404
11.450000100	0.999980632
11.460000100	0.999854151
11.470000100	0.999728973
11.480000100	0.999605112
11.490000100	0.999482579
11.500000100	0.999361384
11.510000100	0.999241539
11.520000100	0.999123054
11.530000100	0.999005940
11.540000100	0.998890207
11.550000100	0.998775863
11.560000100	0.998662917
11.570000100	0.998551379
11.580000100	0.998441257
11.590000100	0.998332557
11.600000100	0.998225289
11.610000100	0.998119459
11.620000100	0.998015074
11.630000100	0.997912140
11.640000100	0.997810664
11.650000100	0.997710650
11.660000100	0.997612105
11.670000100	0.997515034
11.680000100	0.997419440
11.690000100	0.997325329
11.700000100	0.997232704
11.710000100	0.997141569
11.720000100	0.997051927
11.730000100	0.996963781
11.740000100	0.996877134
11.750000100	0.996791987
11.760000100	0.996708344
11.770000100	0.996626205
11.780000100	0.996545572
11.790000100	0.996466446
11.800000100	0.996388827
11.810000100	0.996312716
11.820000100	0.996238112
11.830000100	0.996165017
11.840000100	0.996093428
11.850000100	0.996023345
11.860000100	0.995954767
11.870000100	0.995887693
11.880000100	0.995822120
11.890000100	0.995758047
11.900000100	0.995695471
11.910000100	0.995634391
11.920000100	0.995574801
11.930000100	0.995516701
11.940000100	0.995460086
11.950000100	0.995404953
11.960000100	0.995351297
11.970000100	0.995299115
11.980000100	0.995248401
11.990000100	0.995199152
12.000000100	0.995151363
12.010000100	0.995105027
12.020000100	0.995060140
12.030000100	0.995016697
12.040000100	0.994974690
12.050000100	0.994934115
12.060000100	0.994894964
12.070000100	0.994857231
12.080000100	0.994820909
12.090000100	0.994785991
12.100000100	0.994752471
12.110000100	0.994720340
12.120000100	0.994689591
12.130000100	0.994660216
12.140000100	0.994632207
12.150000100	0.994605556
12.160000100	0.994580254
12.170000100	0.994556293
12.180000100	0.994533664
12.190000100	0.994512358
12.200000100	0.994492366
12.210000100	0.994473679
12.220000100	0.994456286
12.230000100	0.994440179
12.240000100	0.994425348
12.250000100	0.994411782
12.260000100	0.994399473
12.270000100	0.994388408
12.280000100	0.994378578
12.290000100	0.994369973
12.300000100	0.994362582
12.310000100	0.994356394
12.320000100	0.994351397
12.330000100	0.994347582
12.340000100	0.994344936
12.350000100	0.994343449
12.360000100	0.994343108
12.370000100	0.994343904
12.380000100	0.994345823
12.390000100	0.994348854
12.400000100	0.994352985
12.410000100	0.994358205
12.420000100	0.994364500
12.430000100	0.994371860
12.440000100	0.994380272
12.450000100	0.994389723
12.460000100	0.994400201
12.470000100	0.994411694
12.480000100	0.994424190
12.490000100	0.994437674
12.500000100	0.994452135
12.510000100	0.994467561
12.520000100	0.994483937
12.530000100	0.994501252
12.540000100	0.994519493
12.550000100	0.994538645
12.560000100	0.994558697
12.570000100	0.994579636
12.580000100	0.994601447
12.590000100	0.994624119
12.600000100	0.994647637
12.610000100	0.994671989
12.620000100	0.994697161
12.630000100	0.994723141
12.640000100	0.994749913
12.650000100	0.994777467
12.660000100	0.994805787
12.670000100	0.994834861
12.680000100	0.994864675
12.690000100	0.994895216
12.700000100	0.994926470
12.710000100	0.994958424
12.720000100	0.994991065
12.730000100	0.995024379
12.740000100	0.995058353
12.750000100	0.995092973
12.760000100	0.995128226
12.770000100	0.995164098
12.780000100	0.995200577
12.790000100	0.995237648
12.800000100	0.995275299
12.810000100	0.995313516
12.820000100	0.995352286
12.830000100	0.995391595
12.840000100	0.995431431
12.850000100	0.995471779
12.860000100	0.995512628
12.870000100	0.995553963
12.880000100	0.995595772
12.890000100	0.995638041
12.900000100	0.995680758
12.910000100	0.995723909
12.920000100	0.995767482
12.930000100	0.995811464
12.940000100	0.995855841
12.950000100	0.995900601
12.960000100	0.995945732
12.970000100	0.995991220
12.980000100	0.996037053
12.990000100	0.996083219
13.000000100	0.996129704
13.010000100	0.996176497
13.020000100	0.996223585
13.030000100	0.996270955
13.040000100	0.996318596
13.050000100	0.996366496
13.060000100	0.996414641
13.070000100	0.996463020
13.080000100	0.996511622
13.090000100	0.996560434
13.100000100	0.996609445
13.110000100	0.996658642
13.120000100	0.996708015
13.130000100	0.996757551
13.140000100	0.996807239
13.150000100	0.996857067
13.160000100	0.996907026
13.170000100	0.996957102
13.180000100	0.997007286
13.190000100	0.997057565
13.200000100	0.997107930
13.210000100	0.997158368
13.220000100	0.997208871
13.230000100	0.997259426
13.240000100	0.997310023
13.250000100	0.997360652
13.260000100	0.997411303
13.270000100	0.997461964
13.280000100	0.997512627
13.290000100	0.997563280
13.300000100	0.997613915
13.310000100	0.997664520
13.320000100	0.997715087
13.330000100	0.997765606
13.340000100	0.997816066
13.350000100	0.997866460
13.360000100	0.997916777
13.370000100	0.997967008
13.380000100	0.998017144
13.390000100	0.998067176
13.400000100	0.998117095
13.410000100	0.998166892
13.420000100	0.998216560
13.430000100	0.998266088
13.440000100	0.998315469
13.450000100	0.998364695
13.460000100	0.998413756
13.470000100	0.998462646
13.480000100	0.998511356
13.490000100	0.998559878
13.500000100	0.998608204
13.510000100	0.998656327
13.520000100	0.998704240
13.530000100	0.998751934
13.540000100	0.998799403
13.550000100	0.998846640
13.560000100	0.998893636
13.570000100	0.998940387
13.580000100	0.998986883
13.590000100	0.999033120
13.600000100	0.999079090
13.610000100	0.999124787
13.620000100	0.999170204
13.630000100	0.999215336
13.640000100	0.999260176
13.650000100	0.999304718
13.660000100	0.999348956
13.670000100	0.999392885
13.680000100	0.999436499
13.690000100	0.999479792
13.700000100	0.999522759
13.710000100	0.999565395
13.720000100	0.999607694
13.730000100	0.999649652
13.740000100	0.999691263
13.750000100	0.999732523
13.760000100	0.999773427
13.770000100	0.999813971
13.780000100	0.999854150
13.790000100	0.999893959
13.800000100	0.999933395
13.810000100	0.999972453
13.820000100	1.000011129
13.830000100	1.000049420
13.840000100	1.000087321
13.850000100	1.000124830
13.860000100	1.000161942
13.870000100	1.000198654
13.880000100	1.000234963
13.890000100	1.000270865
13.900000100	1.000306358
13.910000100	1.000341438
13.920000100	1.000376102
13.930000100	1.000410349
13.940000100	1.000444175
13.950000100	1.000477577
13.960000100	1.000510554
13.970000100	1.000543102
13.980000100	1.000575220
13.990000100	1.000606906
14.000000100	1.000638158
14.010000100	1.000668973
14.020000100	1.000699349
14.030000100	1.000729287
14.040000100	1.000758782
14.050000100	1.000787835
14.060000100	1.000816444
14.070000100	1.000844607
14.080000100	1.000872323
14.090000100	1.000899592
14.100000100	1.000926412
14.110000100	1.000952782
14.120000100	1.000978702
14.130000100	1.001004171
14.140000100	1.001029189
14.150000100	1.001053754
14.160000100	1.001077866
14.170000100	1.001101526
14.180000100	1.001124732
14.190000100	1.001147486
14.200000100	1.001169786
14.210000100	1.001191633
14.220000100	1.001213027
14.230000100	1.001233968
14.240000100	1.001254457
14.250000100	1.001274494
14.260000100	1.001294079
14.270000100	1.001313214
14.280000100	1.001331898
14.290000100	1.001350132
14.300000100	1.001367918
14.310000100	1.001385256
14.320000100	1.001402148
14.330000100	1.001418593
14.340000100	1.001434594
14.350000100	1.001450152
14.360000100	1.001465267
14.370000100	1.001479942
14.380000100	1.001494177
14.390000100	1.001507975
14.400000100	1.001521337
14.410000100	1.001534264
14.420000100	1.001546759
14.430000100	1.001558822
14.440000100	1.001570457
14.450000100	1.001581664
14.460000100	1.001592446
14.470000100	1.001602805
14.480000100	1.001612744
14.490000100	1.001622263
14.500000100	1.001631366
14.510000100	1.001640055
14.520000100	1.001648332
14.530000100	1.001656199
14.540000100	1.001663660
14.550000100	1.001670717
14.560000100	1.001677371
14.570000100	1.001683627
14.580000100	1.001689486
14.590000100	1.001694952
14.600000100	1.001700026
14.610000100	1.001704713
14.620000100	1.001709015
14.630000100	1.001712934
14.640000100	1.001716475
14.650000100	1.001719640
14.660000100	1.001722431
14.670000100	1.001724853
14.680000100	1.001726908
14.690000100	1.001728600
14.700000100	1.001729931
14.710000100	1.001730906
14.720000100	1.001731527
14.730000100	1.001731798
14.740000100	1.001731723
14.750000100	1.001731304
14.760000100	1.001730545
14.770000100	1.001729450
14.780000100	1.001728022
14.790000100	1.001726265
14.800000100	1.001724183
14.810000100	1.001721779
14.820000100	1.001719056
14.830000100	1.001716019
14.840000100	1.001712671
14.850000100	1.001709016
14.860000100	1.001705057
14.870000100	1.001700799
14.880000100	1.001696246
14.890000100	1.001691400
14.900000100	1.001686267
14.910000100	1.001680849
14.920000100	1.001675151
14.930000100	1.001669177
14.940000100	1.001662930
14.950000100	1.001656414
14.960000100	1.001649635
14.970000100	1.001642594
14.980000100	1.001635297
14.990000100	1.001627748
15.000000100	1.001619949
15.010000100	1.001611907
15.020000100	1.001603623
15.030000100	1.001595104
15.040000100	1.001586351
15.050000100	1.001577371
15.060000100	1.001568165
15.070000100	1.001558740
15.080000100	1.001549098
15.090000100	1.001539244
15.100000100	1.001529182
15.110000100	1.001518916
15.120000100	1.001508450
15.130000100	1.001497788
15.140000100	1.001486934
15.150000100	1.001475892
15.160000100	1.001464666
15.170000100	1.001453261
15.180000100	1.001441680
15.190000100	1.001429927
15.200000100	1.001418007
15.210000100	1.001405923
15.220000100	1.001393680
15.230000100	1.001381281
15.240000100	1.001368731
15.250000100	1.001356033
15.260000100	1.001343192
15.270000100	1.001330211
15.280000100	1.001317095
15.290000100	1.001303847
15.300000100	1.001290472
15.310000100	1.001276972
15.320000100	1.001263353
15.330000100	1.001249618
15.340000100	1.001235771
15.350000100	1.001221816
15.360000100	1.001207757
15.370000100	1.001193597
15.380000100	1.001179340
15.390000100	1.001164991
15.400000100	1.001150552
15.410000100	1.001136029
15.420000100	1.001121423
15.430000100	1.001106740
15.440000100	1.001091982
15.450000100	1.001077155
15.460000100	1.001062260
15.470000100	1.001047302
15.480000100	1.001032284
15.490000100	1.001017211
15.500000100	1.001002085
15.510000100	1.000986910
15.520000100	1.000971689
15.530000100	1.000956427
15.540000100	1.000941126
15.550000100	1.000925790
15.560000100	1.000910422
15.570000100	1.000895027
15.580000100	1.000879606
15.590000100	1.000864163
15.600000100	1.000848703
15.610000100	1.000833227
15.620000100	1.000817739
15.630000100	1.000802243
15.640000100	1.000786741
15.650000100	1.000771237
15.660000100	1.000755734
15.670000100	1.000740235
15.680000100	1.000724742
15.690000100	1.000709260
15.700000100	1.000693790
15.710000100	1.000678336
15.720000100	1.000662901
15.730000100	1.000647488
15.740000100	1.000632099
15.750000100	1.000616738
15.760000100	1.000601407
15.770000100	1.000586108
15.780000100	1.000570846
15.790000100	1.000555621
15.800000100	1.000540438
15.810000100	1.000525298
15.820000100	1.000510204
15.830000100	1.000495159
15.840000100	1.000480166
15.850000100	1.000465225
15.860000100	1.000450342
15.870000100	1.000435516
15.880000100	1.000420752
15.890000100	1.000406050
15.900000100	1.000391415
15.910000100	1.000376847
15.920000100	1.000362349
15.930000100	1.000347923
15.940000100	1.000333572
15.950000100	1.000319297
15.960000100	1.000305101
15.970000100	1.000290985
15.980000100	1.000276952
15.990000100	1.000263004
16.000000100	1.000249142
16.010000100	1.000235369
16.020000100	1.000221686
16.030000100	1.000208095
16.040000100	1.000194598
16.050000100	1.000181197
16.060000100	1.000167893
16.070000100	1.000154688
16.080000100	1.000141584
16.090000100	1.000128583
16.100000100	1.000115685
16.110000100	1.000102892
16.120000100	1.000090207
16.130000100	1.000077630
16.140000100	1.000065163
16.150000100	1.000052807
16.160000100	1.000040563
16.170000100	1.000028434
16.180000100	1.000016419
16.190000100	1.000004521
16.200000100	0.999992741
16.210000100	0.999981079
16.220000100	0.999969538
16.230000100	0.999958117
16.240000100	0.999946819
16.250000100	0.999935643
16.260000100	0.999924592
16.270000100	0.999913666
16.280000100	0.999902866
16.290000100	0.999892193
16.300000100	0.999881648
16.310000100	0.999871231
16.320000100	0.999860944
16.330000100	0.999850787
16.340000100	0.999840761
16.350000100	0.999830866
16.360000100	0.999821104
16.370000100	0.999811475
16.380000100	0.999801979
16.390000100	0.999792617
16.400000100	0.999783390
16.410000100	0.999774297
16.420000100	0.999765341
16.430000100	0.999756520
16.440000100	0.999747836
16.450000100	0.999739288
16.460000100	0.999730878
16.470000100	0.999722604
16.480000100	0.999714469
16.490000100	0.999706472
16.500000100	0.999698612
16.510000100	0.999690891
16.520000100	0.999683309
16.530000100	0.999675865
16.540000100	0.999668559
16.550000100	0.999661393
16.560000100	0.999654365
16.570000100	0.999647477
16.580000100	0.999640727
16.590000100	0.999634115
16.600000100	0.999627643
16.610000100	0.999621309
16.620000100	0.999615114
16.630000100	0.999609057
16.640000100	0.999603139
16.650000100	0.999597358
16.660000100	0.999591715
16.670000100	0.999586210
16.680000100	0.999580842
16.690000100	0.999575611
16.700000100	0.999570516
16.710000100	0.999565558
16.720000100	0.999560735
16.730000100	0.999556049
16.740000100	0.999551497
16.750000100	0.999547080
16.760000100	0.999542797
16.770000100	0.999538648
16.780000100	0.999534632
16.790000100	0.999530749
16.800000100	0.999526998
16.810000100	0.999523378
16.820000100	0.999519890
16.830000100	0.999516532
16.840000100	0.999513303
16.850000100	0.999510204
16.860000100	0.999507233
16.870000100	0.999504390
16.880000100	0.999501673
16.890000100	0.999499083
16.900000100	0.999496619
16.910000100	0.999494279
16.920000100	0.999492064
16.930000100	0.999489971
16.940000100	0.999488001
16.950000100	0.999486153
16.960000100	0.999484425
16.970000100	0.999482817
16.980000100	0.999481329
16.990000100	0.999479958
17.000000100	0.999478704
17.010000100	0.999477567
17.020000100	0.999476545
17.030000100	0.999475638
17.040000100	0.999474844
17.050000100	0.999474162
17.060000100	0.999473592
17.070000100	0.999473133
17.080000100	0.999472783
17.090000100	0.999472541
17.100000100	0.999472407
17.110000100	0.999472379
17.120000100	0.999472456
17.130000100	0.999472638
17.140000100	0.999472923
17.150000100	0.999473310
17.160000100	0.999473798
17.170000100	0.999474386
17.180000100	0.999475073
17.190000100	0.999475858
17.200000100	0.999476739
17.210000100	0.999477715
17.220000100	0.999478786
17.230000100	0.999479949
17.240000100	0.999481205
17.250000100	0.999482552
17.260000100	0.999483988
17.270000100	0.999485512
17.280000100	0.999487124
17.290000100	0.999488822
17.300000100	0.999490604
17.310000100	0.999492471
17.320000100	0.999494420
17.330000100	0.999496450
17.340000100	0.999498560
17.350000100	0.999500749
17.360000100	0.999503015
17.370000100	0.999505358
17.380000100	0.999507776
17.390000100	0.999510268
17.400000100	0.999512832
17.410000100	0.999515468
17.420000100	0.999518175
17.430000100	0.999520950
17.440000100	0.999523793
17.450000100	0.999526702
17.460000100	0.999529677
17.470000100	0.999532715
17.480000100	0.999535817
17.490000100	0.999538980
17.500000100	0.999542203
17.510000100	0.999545485
17.520000100	0.999548825
17.530000100	0.999552222
17.540000100	0.999555674
17.550000100	0.999559180
17.560000100	0.999562739
17.570000100	0.999566349
17.580000100	0.999570010
17.590000100	0.999573720
17.600000100	0.999577478
17.610000100	0.999581283
17.620000100	0.999585133
17.630000100	0.999589027
17.640000100	0.999592965
17.650000100	0.999596944
17.660000100	0.999600964
17.670000100	0.999605023
17.680000100	0.999609120
17.690000100	0.999613255
17.700000100	0.999617425
17.710000100	0.999621630
17.720000100	0.999625868
17.730000100	0.999630139
17.740000100	0.999634440
17.750000100	0.999638772
17.760000100	0.999643133
17.770000100	0.999647521
17.780000100	0.999651935
17.790000100	0.999656375
17.800000100	0.999660839
17.810000100	0.999665326
17.820000100	0.999669836
17.830000100	0.999674365
17.840000100	0.999678915
17.850000100	0.999683483
17.860000100	0.999688069
17.870000100	0.999692672
17.880000100	0.999697289
17.890000100	0.999701921
17.900000100	0.999706566
17.910000100	0.999711224
17.920000100	0.999715892
17.930000100	0.999720571
17.940000100	0.999725258
17.950000100	0.999729954
17.960000100	0.999734656
17.970000100	0.999739365
17.980000100	0.999744079
17.990000100	0.999748796
18.000000100	0.999753517
18.010000100	0.999758240
18.020000100	0.999762964
18.030000100	0.999767688
18.040000100	0.999772411
18.050000100	0.999777133
18.060000100	0.999781852
18.070000100	0.999786567
18.080000100	0.999791278
18.090000100	0.999795984
18.100000100	0.999800683
18.110000100	0.999805376
18.120000100	0.999810060
18.130000100	0.999814736
18.140000100	0.999819402
18.150000100	0.999824057
18.160000100	0.999828701
18.170000100	0.999833333
18.180000100	0.999837952
18.190000100	0.999842558
18.200000100	0.999847148
18.210000100	0.999851724
18.220000100	0.999856284
18.230000100	0.999860827
18.240000100	0.999865352
18.250000100	0.999869859
18.260000100	0.999874347
18.270000100	0.999878816
18.280000100	0.999883264
18.290000100	0.999887691
18.300000100	0.999892097
18.310000100	0.999896480
18.320000100	0.999900840
18.330000100	0.999905176
18.340000100	0.999909489
18.350000100	0.999913776
18.360000100	0.999918038
18.370000100	0.999922273
18.380000100	0.999926482
18.390000100	0.999930664
18.400000100	0.999934818
18.410000100	0.999938944
18.420000100	0.999943041
18.430000100	0.999947108
18.440000100	0.999951146
18.450000100	0.999955153
18.460000100	0.999959129
18.470000100	0.999963073
18.480000100	0.999966986
18.490000100	0.999970866
18.500000100	0.999974714
18.510000100	0.999978528
18.520000100	0.999982309
18.530000100	0.999986056
18.540000100	0.999989768
18.550000100	0.999993445
18.560000100	0.999997087
18.570000100	1.000000693
18.580000100	1.000004263
18.590000100	1.000007797
18.600000100	1.000011295
18.610000100	1.000014755
18.620000100	1.000018178
18.630000100	1.000021563
18.640000100	1.000024910
18.650000100	1.000028219
18.660000100	1.000031490
18.670000100	1.000034721
18.680000100	1.000037914
18.690000100	1.000041067
18.700000100	1.000044181
18.710000100	1.000047255
18.720000100	1.000050289
18.730000100	1.000053283
18.740000100	1.000056236
18.750000100	1.000059149
18.760000100	1.000062021
18.770000100	1.000064853
18.780000100	1.000067643
18.790000100	1.000070392
18.800000100	1.000073099
18.810000100	1.000075766
18.820000100	1.000078390
18.830000100	1.000080973
18.840000100	1.000083514
18.850000100	1.000086013
18.860000100	1.000088470
18.870000100	1.000090886
18.880000100	1.000093259
18.890000100	1.000095590
18.900000100	1.000097878
18.910000100	1.000100125
18.920000100	1.000102329
18.930000100	1.000104491
18.940000100	1.000106611
18.950000100	1.000108688
18.960000100	1.000110723
18.970000100	1.000112716
18.980000100	1.000114666
18.990000100	1.000116575
19.000000100	1.000118441
19.010000100	1.000120265
19.020000100	1.000122047
19.030000100	1.000123787
19.040000100	1.000125485
19.050000100	1.000127141
19.060000100	1.000128755
19.070000100	1.000130328
19.080000100	1.000131859
19.090000100	1.000133349
19.100000100	1.000134797
19.110000100	1.000136204
19.120000100	1.000137570
19.130000100	1.000138895
19.140000100	1.000140180
19.150000100	1.000141423
19.160000100	1.000142626
19.170000100	1.000143789
19.180000100	1.000144912
19.190000100	1.000145994
19.200000100	1.000147037
19.210000100	1.000148040
19.220000100	1.000149004
19.230000100	1.000149928
19.240000100	1.000150814
19.250000100	1.000151660
19.260000100	1.000152468
19.270000100	1.000153238
19.280000100	1.000153969
19.290000100	1.000154663
19.300000100	1.000155319
19.310000100	1.000155938
19.320000100	1.000156519
19.330000100	1.000157063
19.340000100	1.000157571
19.350000100	1.000158042
19.360000100	1.000158478
19.370000100	1.000158877
19.380000100	1.000159241
19.390000100	1.000159569
19.400000100	1.000159863
19.410000100	1.000160121
19.420000100	1.000160346
19.430000100	1.000160536
19.440000100	1.000160692
19.450000100	1.000160815
19.460000100	1.000160904
19.470000100	1.000160961
19.480000100	1.000160985
19.490000100	1.000160977
19.500000100	1.000160937
19.510000100	1.000160865
19.520000100	1.000160762
19.530000100	1.000160628
19.540000100	1.000160463
19.550000100	1.000160268
19.560000100	1.000160043
19.570000100	1.000159789
19.580000100	1.000159505
19.590000100	1.000159193
19.600000100	1.000158851
19.610000100	1.000158482
19.620000100	1.000158085
19.630000100	1.000157660
19.640000100	1.000157208
19.650000100	1.000156729
19.660000100	1.000156224
19.670000100	1.000155693
19.680000100	1.000155136
19.690000100	1.000154554
19.700000100	1.000153946
19.710000100	1.000153315
19.720000100	1.000152659
19.730000100	1.000151979
19.740000100	1.000151275
19.750000100	1.000150549
19.760000100	1.000149800
19.770000100	1.000149028
19.780000100	1.000148235
19.790000100	1.000147420
19.800000100	1.000146583
19.810000100	1.000145726
19.820000100	1.000144848
19.830000100	1.000143951
19.840000100	1.000143033
19.850000100	1.000142096
19.860000100	1.000141141
19.870000100	1.000140166
19.880000100	1.000139174
19.890000100	1.000138164
19.900000100	1.000137136
19.910000100	1.000136091
19.920000100	1.000135029
19.930000100	1.000133952
19.940000100	1.000132858
19.950000100	1.000131749
19.960000100	1.000130624
19.970000100	1.000129485
19.980000100	1.000128331
19.990000100	1.000127163
20.000000100	1.000125982
20.010000100	1.000124787
20.020000100	1.000123579
20.030000100	1.000122359
20.040000100	1.000121126
20.050000100	1.000119882
20.060000100	1.000118626
20.070000100	1.000117359
20.080000100	1.000116082
20.090000100	1.000114793
20.100000100	1.000113495
20.110000100	1.000112188
20.120000100	1.000110871
20.130000100	1.000109544
20.140000100	1.000108210
20.150000100	1.000106867
20.160000100	1.000105516
20.170000100	1.000104158
20.180000100	1.000102792
20.190000100	1.000101420
20.200000100	1.000100041
20.210000100	1.000098656
20.220000100	1.000097265
20.230000100	1.000095868
20.240000100	1.000094466
20.250000100	1.000093060
20.260000100	1.000091649
20.270000100	1.000090233
20.280000100	1.000088814
20.290000100	1.000087392
20.300000100	1.000085966
20.310000100	1.000084537
20.320000100	1.000083105
20.330000100	1.000081671
20.340000100	1.000080236
20.350000100	1.000078798
20.360000100	1.000077359
20.370000100	1.000075920
20.380000100	1.000074479
20.390000100	1.000073038
20.400000100	1.000071596
20.410000100	1.000070155
20.420000100	1.000068714
20.430000100	1.000067274
20.440000100	1.000065835
20.450000100	1.000064397
20.460000100	1.000062960
20.470000100	1.000061525
20.480000100	1.000060093
20.490000100	1.000058662
20.500000100	1.000057234
20.510000100	1.000055809
20.520000100	1.000054387
20.530000100	1.000052969
20.540000100	1.000051553
20.550000100	1.000050142
20.560000100	1.000048735
20.570000100	1.000047332
20.580000100	1.000045934
20.590000100	1.000044540
20.600000100	1.000043151
20.610000100	1.000041768
20.620000100	1.000040390
20.630000100	1.000039018
20.640000100	1.000037652
20.650000100	1.000036291
20.660000100	1.000034937
20.670000100	1.000033590
20.680000100	1.000032249
20.690000100	1.000030915
20.700000100	1.000029589
20.710000100	1.000028270
20.720000100	1.000026958
20.730000100	1.000025654
20.740000100	1.000024357
20.750000100	1.000023069
20.760000100	1.000021789
20.770000100	1.000020517
20.780000100	1.000019254
20.790000100	1.000018000
20.800000100	1.000016755
20.810000100	1.000015518
20.820000100	1.000014291
20.830000100	1.000013074
20.840000100	1.000011865
20.850000100	1.000010667
20.860000100	1.000009478
20.870000100	1.000008299
20.880000100	1.000007130
20.890000100	1.000005972
20.900000100	1.000004824
20.910000100	1.000003686
20.920000100	1.000002559
20.930000100	1.000001442
20.940000100	1.000000337
20.950000100	0.999999242
20.960000100	0.999998159
20.970000100	0.999997086
20.980000100	0.999996025
20.990000100	0.999994975
21.000000100	0.999993937
21.010000100	0.999992910
21.020000100	0.999991894
21.030000100	0.999990891
21.040000100	0.999989899
21.050000100	0.999988919
21.060000100	0.999987951
21.070000100	0.999986996
21.080000100	0.999986052
21.090000100	0.999985120
21.100000100	0.999984201
21.110000100	0.999983294
21.120000100	0.999982399
21.130000100	0.999981517
21.140000100	0.999980647
21.150000100	0.999979789
21.160000100	0.999978945
21.170000100	0.999978112
21.180000100	0.999977293
21.190000100	0.999976486
21.200000100	0.999975692
21.210000100	0.999974910
21.220000100	0.999974142
21.230000100	0.999973386
21.240000100	0.999972643
21.250000100	0.999971913
21.260000100	0.999971195
21.270000100	0.999970491
21.280000100	0.999969799
21.290000100	0.999969120
21.300000100	0.999968455
21.310000100	0.999967802
21.320000100	0.999967162
21.330000100	0.999966535
21.340000100	0.999965920
21.350000100	0.999965319
21.360000100	0.999964731
21.370000100	0.999964155
21.380000100	0.999963592
21.390000100	0.999963043
21.400000100	0.999962506
21.410000100	0.999961981
21.420000100	0.999961470
21.430000100	0.999960971
21.440000100	0.999960485
21.450000100	0.999960012
21.460000100	0.999959552
21.470000100	0.999959104
21.480000100	0.999958668
21.490000100	0.999958245
21.500000100	0.999957835
21.510000100	0.999957437
21.520000100	0.999957052
21.530000100	0.999956679
21.540000100	0.999956318
21.550000100	0.999955970
21.560000100	0.999955634
21.570000100	0.999955310
21.580000100	0.999954998
21.590000100	0.999954698
21.600000100	0.999954411
21.610000100	0.999954135
21.620000100	0.999953871
21.630000100	0.999953619
21.640000100	0.999953378
21.650000100	0.999953149
21.660000100	0.999952932
21.670000100	0.999952727
21.680000100	0.999952532
21.690000100	0.999952350
21.700000100	0.999952178
21.710000100	0.999952018
21.720000100	0.999951869
21.730000100	0.999951731
21.740000100	0.999951604
21.750000100	0.999951487
21.760000100	0.999951382
21.770000100	0.999951287
21.780000100	0.999951203
21.790000100	0.999951130
21.800000100	0.999951067
21.810000100	0.999951014
21.820000100	0.999950972
21.830000100	0.999950940
21.840000100	0.999950918
21.850000100	0.999950905
21.860000100	0.999950903
21.870000100	0.999950911
21.880000100	0.999950928
21.890000100	0.999950955
21.900000100	0.999950991
21.910000100	0.999951037
21.920000100	0.999951092
21.930000100	0.999951156
21.940000100	0.999951229
21.950000100	0.999951312
21.960000100	0.999951403
21.970000100	0.999951503
21.980000100	0.999951611
21.990000100	0.999951728
22.000000100	0.999951854
22.010000100	0.999951988
22.020000100	0.999952130
22.030000100	0.999952280
22.040000100	0.999952438
22.050000100	0.999952604
22.060000100	0.999952778
22.070000100	0.999952960
22.080000100	0.999953149
22.090000100	0.999953346
22.100000100	0.999953549
22.110000100	0.999953760
22.120000100	0.999953979
22.130000100	0.999954204
22.140000100	0.999954436
22.150000100	0.999954675
22.160000100	0.999954920
22.170000100	0.999955172
22.180000100	0.999955431
22.190000100	0.999955695
22.200000100	0.999955966
22.210000100	0.999956243
22.220000100	0.999956526
22.230000100	0.999956815
22.240000100	0.999957109
22.250000100	0.999957409
22.260000100	0.999957715
22.270000100	0.999958026
22.280000100	0.999958342
22.290000100	0.999958663
22.300000100	0.999958990
22.310000100	0.999959321
22.320000100	0.999959657
22.330000100	0.999959998
22.340000100	0.999960343
22.350000100	0.999960693
22.360000100	0.999961047
22.370000100	0.999961405
22.380000100	0.999961768
22.390000100	0.999962134
22.400000100	0.999962505
22.410000100	0.999962879
22.420000100	0.999963257
22.430000100	0.999963638
22.440000100	0.999964023
22.450000100	0.999964411
22.460000100	0.999964802
22.470000100	0.999965197
22.480000100	0.999965594
22.490000100	0.999965994
22.500000100	0.999966398
22.510000100	0.999966803
22.520000100	0.999967212
22.530000100	0.999967623
22.540000100	0.999968036
22.550000100	0.999968451
22.560000100	0.999968869
22.570000100	0.999969288
22.580000100	0.999969710
22.590000100	0.999970133
22.600000100	0.999970559
22.610000100	0.999970985
22.620000100	0.999971414
22.630000100	0.999971843
22.640000100	0.999972274
22.650000100	0.999972707
22.660000100	0.999973140
22.670000100	0.999973574
22.680000100	0.999974010
22.690000100	0.999974446
22.700000100	0.999974883
22.710000100	0.999975320
22.720000100	0.999975759
22.730000100	0.999976197
22.740000100	0.999976636
22.750000100	0.999977076
22.760000100	0.999977515
22.770000100	0.999977955
22.780000100	0.999978394
22.790000100	0.999978834
22.800000100	0.999979273
22.810000100	0.999979712
22.820000100	0.999980151
22.830000100	0.999980589
22.840000100	0.999981027
22.850000100	0.999981464
22.860000100	0.999981901
22.870000100	0.999982337
22.880000100	0.999982772
22.890000100	0.999983206
22.900000100	0.999983639
22.910000100	0.999984071
22.920000100	0.999984502
22.930000100	0.999984932
22.940000100	0.999985361
22.950000100	0.999985788
22.960000100	0.999986213
22.970000100	0.999986638
22.980000100	0.999987060
22.990000100	0.999987481
23.000000100	0.999987901
23.010000100	0.999988318
23.020000100	0.999988734
23.030000100	0.999989148
23.040000100	0.999989560
23.050000100	0.999989970
23.060000100	0.999990377
23.070000100	0.999990783
23.080000100	0.999991187
23.090000100	0.999991588
23.100000100	0.999991987
23.110000100	0.999992383
23.120000100	0.999992777
23.130000100	0.999993169
23.140000100	0.999993558
23.150000100	0.999993944
23.160000100	0.999994328
23.170000100	0.999994709
23.180000100	0.999995088
23.190000100	0.999995463
23.200000100	0.999995836
23.210000100	0.999996206
23.220000100	0.999996573
23.230000100	0.999996937
23.240000100	0.999997298
23.250000100	0.999997656
23.260000100	0.999998011
23.270000100	0.999998362
23.280000100	0.999998711
23.290000100	0.999999056
23.300000100	0.999999398
23.310000100	0.999999737
23.320000100	1.000000072
23.330000100	1.000000404
23.340000100	1.000000733
23.350000100	1.000001059
23.360000100	1.000001380
23.370000100	1.000001699
23.380000100	1.000002014
23.390000100	1.000002325
23.400000100	1.000002633
23.410000100	1.000002937
23.420000100	1.000003238
23.430000100	1.000003534
23.440000100	1.000003828
23.450000100	1.000004117
23.460000100	1.000004403
23.470000100	1.000004685
23.480000100	1.000004964
23.490000100	1.000005239
23.500000100	1.000005510
23.510000100	1.000005777
23.520000100	1.000006040
23.530000100	1.000006299
23.540000100	1.000006555
23.550000100	1.000006807
23.560000100	1.000007055
23.570000100	1.000007299
23.580000100	1.000007539
23.590000100	1.000007776
23.600000100	1.000008008
23.610000100	1.000008236
23.620000100	1.000008461
23.630000100	1.000008682
23.640000100	1.000008898
23.650000100	1.000009111
23.660000100	1.000009320
23.670000100	1.000009525
23.680000100	1.000009726
23.690000100	1.000009923
23.700000100	1.000010116
23.710000100	1.000010306
23.720000100	1.000010491
23.730000100	1.000010672
23.740000100	1.000010850
23.750000100	1.000011023
23.760000100	1.000011193
23.770000100	1.000011358
23.780000100	1.000011520
23.790000100	1.000011678
23.800000100	1.000011832
23.810000100	1.000011982
23.820000100	1.000012128
23.830000100	1.000012271
23.840000100	1.000012409
23.850000100	1.000012544
23.860000100	1.000012674
23.870000100	1.000012801
23.880000100	1.000012925
23.890000100	1.000013044
23.900000100	1.000013160
23.910000100	1.000013271
23.920000100	1.000013379
23.930000100	1.000013484
23.940000100	1.000013584
23.950000100	1.000013681
23.960000100	1.000013774
23.970000100	1.000013864
23.980000100	1.000013950
23.990000100	1.000014032
24.000000100	1.000014111
24.010000100	1.000014186
24.020000100	1.000014257
24.030000100	1.000014325
24.040000100	1.000014390
24.050000100	1.000014450
24.060000100	1.000014508
24.070000100	1.000014562
24.080000100	1.000014612
24.090000100	1.000014660
24.100000100	1.000014703
24.110000100	1.000014744
24.120000100	1.000014781
24.130000100	1.000014814
24.140000100	1.000014845
24.150000100	1.000014872
24.160000100	1.000014896
24.170000100	1.000014917
24.180000100	1.000014934
24.190000100	1.000014949
24.200000100	1.000014960
24.210000100	1.000014968
24.220000100	1.000014973
24.230000100	1.000014976
24.240000100	1.000014975
24.250000100	1.000014971
24.260000100	1.000014964
24.270000100	1.000014954
24.280000100	1.000014942
24.290000100	1.000014926
24.300000100	1.000014908
24.310000100	1.000014887
24.320000100	1.000014863
24.330000100	1.000014837
24.340000100	1.000014808
24.350000100	1.000014776
24.360000100	1.000014741
24.370000100	1.000014704
24.380000100	1.000014665
24.390000100	1.000014623
24.400000100	1.000014578
24.410000100	1.000014531
24.420000100	1.000014481
24.430000100	1.000014429
24.440000100	1.000014375
24.450000100	1.000014319
24.460000100	1.000014260
24.470000100	1.000014199
24.480000100	1.000014135
24.490000100	1.000014070
24.500000100	1.000014002
24.510000100	1.000013932
24.520000100	1.000013861
24.530000100	1.000013787
24.540000100	1.000013711
24.550000100	1.000013633
24.560000100	1.000013553
24.570000100	1.000013471
24.580000100	1.000013388
24.590000100	1.000013302
24.600000100	1.000013215
24.610000100	1.000013126
24.620000100	1.000013035
24.630000100	1.000012943
24.640000100	1.000012849
24.650000100	1.000012753
24.660000100	1.000012656
24.670000100	1.000012557
24.680000100	1.000012457
24.690000100	1.000012355
24.700000100	1.000012252
24.710000100	1.000012147
24.720000100	1.000012041
24.730000100	1.000011934
24.740000100	1.000011825
24.750000100	1.000011715
24.760000100	1.000011604
24.770000100	1.000011492
24.780000100	1.000011378
24.790000100	1.000011263
24.800000100	1.000011147
24.810000100	1.000011031
24.820000100	1.000010913
24.830000100	1.000010794
24.840000100	1.000010674
24.850000100	1.000010553
24.860000100	1.000010431
24.870000100	1.000010309
24.880000100	1.000010186
24.890000100	1.000010061
24.900000100	1.000009936
24.910000100	1.000009811
24.920000100	1.000009684
24.930000100	1.000009557
24.940000100	1.000009430
24.950000100	1.000009301
24.960000100	1.000009172
24.970000100	1.000009043
24.980000100	1.000008913
24.990000100	1.000008783
25.000000100	1.000008652
25.010000100	1.000008520
25.020000100	1.000008389
25.030000100	1.000008257
25.040000100	1.000008124
25.050000100	1.000007992
25.060000100	1.000007859
25.070000100	1.000007726
25.080000100	1.000007592
25.090000100	1.000007459
25.100000100	1.000007325
25.110000100	1.000007191
25.120000100	1.000007057
25.130000100	1.000006923
25.140000100	1.000006789
25.150000100	1.000006655
25.160000100	1.000006521
25.170000100	1.000006387
25.180000100	1.000006253
25.190000100	1.000006119
25.200000100	1.000005985
25.210000100	1.000005852
25.220000100	1.000005718
25.230000100	1.000005585
25.240000100	1.000005452
25.250000100	1.000005319
25.260000100	1.000005186
25.270000100	1.000005054
25.280000100	1.000004922
25.290000100	1.000004791
25.300000100	1.000004659
25.310000100	1.000004528
25.320000100	1.000004398
25.330000100	1.000004268
25.340000100	1.000004138
25.350000100	1.000004009
25.360000100	1.000003880
25.370000100	1.000003752
25.380000100	1.000003625
25.390000100	1.000003498
25.400000100	1.000003371
25.410000100	1.000003245
25.420000100	1.000003120
25.430000100	1.000002995
25.440000100	1.000002871
25.450000100	1.000002748
25.460000100	1.000002625
25.470000100	1.000002503
25.480000100	1.000002382
25.490000100	1.000002261
25.500000100	1.000002141
25.510000100	1.000002022
25.520000100	1.000001904
25.530000100	1.000001787
25.540000100	1.000001670
25.550000100	1.000001554
25.560000100	1.000001439
25.570000100	1.000001325
25.580000100	1.000001212
25.590000100	1.000001099
25.600000100	1.000000988
25.610000100	1.000000877
25.620000100	1.000000768
25.630000100	1.000000659
25.640000100	1.000000551
25.650000100	1.000000445
25.660000100	1.000000339
25.670000100	1.000000234
25.680000100	1.000000130
25.690000100	1.000000027
25.700000100	0.999999925
25.710000100	0.999999825
25.720000100	0.999999725
25.730000100	0.999999626
25.740000100	0.999999529
25.750000100	0.999999432
25.760000100	0.999999337
25.770000100	0.999999242
25.780000100	0.999999149
25.790000100	0.999999057
25.800000100	0.999998966
25.810000100	0.999998876
25.820000100	0.999998787
25.830000100	0.999998699
25.840000100	0.999998612
25.850000100	0.999998527
25.860000100	0.999998443
25.870000100	0.999998359
25.880000100	0.999998277
25.890000100	0.999998196
25.900000100	0.999998117
25.910000100	0.999998038
25.920000100	0.999997961
25.930000100	0.999997885
25.940000100	0.999997810
25.950000100	0.999997736
25.960000100	0.999997663
25.970000100	0.999997592
25.980000100	0.999997521
25.990000100	0.999997452
26.000000100	0.999997384
26.010000100	0.999997318
26.020000100	0.999997252
26.030000100	0.999997188
26.040000100	0.999997125
26.050000100	0.999997063
26.060000100	0.999997002
26.070000100	0.999996943
26.080000100	0.999996884
26.090000100	0.999996827
26.100000100	0.999996771
26.110000100	0.999996717
26.120000100	0.999996663
26.130000100	0.999996611
26.140000100	0.999996560
26.150000100	0.999996510
26.160000100	0.999996461
26.170000100	0.999996414
26.180000100	0.999996367
26.190000100	0.999996322
26.200000100	0.999996278
26.210000100	0.999996235
26.220000100	0.999996194
26.230000100	0.999996153
26.240000100	0.999996114
26.250000100	0.999996076
26.260000100	0.999996039
26.270000100	0.999996003
26.280000100	0.999995968
26.290000100	0.999995935
26.300000100	0.999995903
26.310000100	0.999995871
26.320000100	0.999995841
26.330000100	0.999995812
26.340000100	0.999995784
26.350000100	0.999995758
26.360000100	0.999995732
26.370000100	0.999995708
26.380000100	0.999995684
26.390000100	0.999995662
26.400000100	0.999995641
26.410000100	0.999995620
26.420000100	0.999995601
26.430000100	0.999995583
26.440000100	0.999995566
26.450000100	0.999995550
26.460000100	0.999995536
26.470000100	0.999995522
26.480000100	0.999995509
26.490000100	0.999995497
26.500000100	0.999995486
26.510000100	0.999995477
26.520000100	0.999995468
26.530000100	0.999995460
26.540000100	0.999995453
26.550000100	0.999995447
26.560000100	0.999995443
26.570000100	0.999995439
26.580000100	0.999995436
26.590000100	0.999995434
26.600000100	0.999995433
26.610000100	0.999995432
26.620000100	0.999995433
26.630000100	0.999995435
26.640000100	0.999995437
26.650000100	0.999995441
26.660000100	0.999995445
26.670000100	0.999995450
26.680000100	0.999995456
26.690000100	0.999995463
26.700000100	0.999995471
26.710000100	0.999995479
26.720000100	0.999995488
26.730000100	0.999995499
26.740000100	0.999995510
26.750000100	0.999995521
26.760000100	0.999995534
26.770000100	0.999995547
26.780000100	0.999995561
26.790000100	0.999995576
26.800000100	0.999995591
26.810000100	0.999995607
26.820000100	0.999995624
26.830000100	0.999995642
26.840000100	0.999995660
26.850000100	0.999995679
26.860000100	0.999995699
26.870000100	0.999995719
26.880000100	0.999995740
26.890000100	0.999995762
26.900000100	0.999995784
26.910000100	0.999995807
26.920000100	0.999995830
26.930000100	0.999995854
26.940000100	0.999995879
26.950000100	0.999995904
26.960000100	0.999995930
26.970000100	0.999995956
26.980000100	0.999995983
26.990000100	0.999996011
27.000000100	0.999996039
27.010000100	0.999996067
27.020000100	0.999996096
27.030000100	0.999996125
27.040000100	0.999996155
27.050000100	0.999996186
27.060000100	0.999996217
27.070000100	0.999996248
27.080000100	0.999996280
27.090000100	0.999996312
27.100000100	0.999996344
27.110000100	0.999996377
27.120000100	0.999996411
27.130000100	0.999996444
27.140000100	0.999996478
27.150000100	0.999996513
27.160000100	0.999996548
27.170000100	0.999996583
27.180000100	0.999996618
27.190000100	0.999996654
27.200000100	0.999996690
27.210000100	0.999996727
27.220000100	0.999996763
27.230000100	0.999996800
27.240000100	0.999996838
27.250000100	0.999996875
27.260000100	0.999996913
27.270000100	0.999996951
27.280000100	0.999996989
27.290000100	0.999997028
27.300000100	0.999997066
27.310000100	0.999997105
27.320000100	0.999997144
27.330000100	0.999997183
27.340000100	0.999997223
27.350000100	0.999997262
27.360000100	0.999997302
27.370000100	0.999997342
27.380000100	0.999997382
27.390000100	0.999997422
27.400000100	0.999997462
27.410000100	0.999997503
27.420000100	0.999997543
27.430000100	0.999997583
27.440000100	0.999997624
27.450000100	0.999997665
27.460000100	0.999997705
27.470000100	0.999997746
27.480000100	0.999997787
27.490000100	0.999997828
27.500000100	0.999997869
27.510000100	0.999997910
27.520000100	0.999997950
27.530000100	0.999997991
27.540000100	0.999998032
27.550000100	0.999998073
27.560000100	0.999998114
27.570000100	0.999998155
27.580000100	0.999998196
27.590000100	0.999998236
27.600000100	0.999998277
27.610000100	0.999998318
27.620000100	0.999998358
27.630000100	0.999998399
27.640000100	0.999998439
27.650000100	0.999998479
27.660000100	0.999998520
27.670000100	0.999998560
27.680000100	0.999998600
27.690000100	0.999998639
27.700000100	0.999998679
27.710000100	0.999998719
27.720000100	0.999998758
27.730000100	0.999998798
27.740000100	0.999998837
27.750000100	0.999998876
27.760000100	0.999998915
27.770000100	0.999998953
27.780000100	0.999998992
27.790000100	0.999999030
27.800000100	0.999999068
27.810000100	0.999999106
27.820000100	0.999999144
27.830000100	0.999999181
27.840000100	0.999999219
27.850000100	0.999999256
27.860000100	0.999999293
27.870000100	0.999999329
27.880000100	0.999999366
27.890000100	0.999999402
27.900000100	0.999999438
27.910000100	0.999999474
27.920000100	0.999999509
27.930000100	0.999999544
27.940000100	0.999999579
27.950000100	0.999999614
27.960000100	0.999999648
27.970000100	0.999999682
27.980000100	0.999999716
27.990000100	0.999999750
28.000000100	0.999999783
28.010000100	0.999999816
28.020000100	0.999999849
28.030000100	0.999999881
28.040000100	0.999999913
28.050000100	0.999999945
28.060000100	0.999999977
28.070000100	1.000000008
28.080000100	1.000000039
28.090000100	1.000000069
28.100000100	1.000000100
28.110000100	1.000000129
28.120000100	1.000000159
28.130000100	1.000000188
28.140000100	1.000000217
28.150000100	1.000000246
28.160000100	1.000000274
28.170000100	1.000000302
28.180000100	1.000000330
28.190000100	1.000000357
28.200000100	1.000000384
28.210000100	1.000000411
28.220000100	1.000000437
28.230000100	1.000000463
28.240000100	1.000000488
28.250000100	1.000000513
28.260000100	1.000000538
28.270000100	1.000000563
28.280000100	1.000000587
28.290000100	1.000000611
28.300000100	1.000000634
28.310000100	1.000000657
28.320000100	1.000000680
28.330000100	1.000000702
28.340000100	1.000000724
28.350000100	1.000000746
28.360000100	1.000000767
28.370000100	1.000000788
28.380000100	1.000000808
28.390000100	1.000000829
28.400000100	1.000000848
28.410000100	1.000000868
28.420000100	1.000000887
28.430000100	1.000000905
28.440000100	1.000000924
28.450000100	1.000000942
28.460000100	1.000000959
28.470000100	1.000000977
28.480000100	1.000000993
28.490000100	1.000001010
28.500000100	1.000001026
28.510000100	1.000001042
28.520000100	1.000001057
28.530000100	1.000001072
28.540000100	1.000001087
28.550000100	1.000001101
28.560000100	1.000001115
28.570000100	1.000001129
28.580000100	1.000001142
28.590000100	1.000001155
28.600000100	1.000001167
28.610000100	1.000001180
28.620000100	1.000001191
28.630000100	1.000001203
28.640000100	1.000001214
28.650000100	1.000001225
28.660000100	1.000001235
28.670000100	1.000001245
28.680000100	1.000001255
28.690000100	1.000001264
28.700000100	1.000001273
28.710000100	1.000001282
28.720000100	1.000001290
28.730000100	1.000001298
28.740000100	1.000001306
28.750000100	1.000001313
28.760000100	1.000001320
28.770000100	1.000001327
28.780000100	1.000001333
28.790000100	1.000001339
28.800000100	1.000001345
28.810000100	1.000001350
28.820000100	1.000001355
28.830000100	1.000001360
28.840000100	1.000001364
28.850000100	1.000001368
28.860000100	1.000001372
28.870000100	1.000001375
28.880000100	1.000001378
28.890000100	1.000001381
28.900000100	1.000001384
28.910000100	1.000001386
28.920000100	1.000001388
28.930000100	1.000001389
28.940000100	1.000001391
28.950000100	1.000001392
28.960000100	1.000001393
28.970000100	1.000001393
28.980000100	1.000001393
28.990000100	1.000001393
29.000000100	1.000001393
29.010000100	1.000001392
29.020000100	1.000001391
29.030000100	1.000001390
29.040000100	1.000001389
29.050000100	1.000001387
29.060000100	1.000001385
29.070000100	1.000001383
29.080000100	1.000001380
29.090000100	1.000001377
29.100000100	1.000001374
29.110000100	1.000001371
29.120000100	1.000001368
29.130000100	1.000001364
29.140000100	1.000001360
29.150000100	1.000001356
29.160000100	1.000001352
29.170000100	1.000001347
29.180000100	1.000001342
29.190000100	1.000001337
29.200000100	1.000001332
29.210000100	1.000001326
29.220000100	1.000001321
29.230000100	1.000001315
29.240000100	1.000001309
29.250000100	1.000001302
29.260000100	1.000001296
29.270000100	1.000001289
29.280000100	1.000001282
29.290000100	1.000001275
29.300000100	1.000001268
29.310000100	1.000001261
29.320000100	1.000001253
29.330000100	1.000001245
29.340000100	1.000001237
29.350000100	1.000001229
29.360000100	1.000001221
29.370000100	1.000001212
29.380000100	1.000001204
29.390000100	1.000001195
29.400000100	1.000001186
29.410000100	1.000001177
29.420000100	1.000001168
29.430000100	1.000001159
29.440000100	1.000001149
29.450000100	1.000001139
29.460000100	1.000001130
29.470000100	1.000001120
29.480000100	1.000001110
29.490000100	1.000001100
29.500000100	1.000001089
29.510000100	1.000001079
29.520000100	1.000001069
29.530000100	1.000001058
29.540000100	1.000001047
29.550000100	1.000001037
29.560000100	1.000001026
29.570000100	1.000001015
29.580000100	1.000001004
29.590000100	1.000000993
29.600000100	1.000000981
29.610000100	1.000000970
29.620000100	1.000000959
29.630000100	1.000000947
29.640000100	1.000000936
29.650000100	1.000000924
29.660000100	1.000000912
29.670000100	1.000000901
29.680000100	1.000000889
29.690000100	1.000000877
29.700000100	1.000000865
29.710000100	1.000000853
29.720000100	1.000000841
29.730000100	1.000000829
29.740000100	1.000000817
29.750000100	1.000000804
29.760000100	1.000000792
29.770000100	1.000000780
29.780000100	1.000000768
29.790000100	1.000000755
29.800000100	1.000000743
29.810000100	1.000000731
29.820000100	1.000000718
29.830000100	1.000000706
29.840000100	1.000000693
29.850000100	1.000000681
29.860000100	1.000000669
29.870000100	1.000000656
29.880000100	1.000000644
29.890000100	1.000000631
29.900000100	1.000000619
29.910000100	1.000000606
29.920000100	1.000000594
29.930000100	1.000000581
29.940000100	1.000000569
29.950000100	1.000000556
29.960000100	1.000000544
29.970000100	1.000000532
29.980000100	1.000000519
29.990000100	1.000000507
30.000000100	1.000000494
